Start testing: Mar 28 14:54 PDT
----------------------------------------------------------
1/29 Testing: mg_2level
1/29 Test: mg_2level
Command: "/Users/deanhowarth/HMC_EVOL/git_repo/build/schwinger" "-L" "16" "--mg-levels" "2" "-t" "1"
Directory: /Users/deanhowarth/HMC_EVOL/git_repo/build
"mg_2level" start time: Mar 28 14:54 PDT
Output:
----------------------------------------------------------
================================================================
  2D Schwinger Model: MG with EigCG-Inspired Ritz Harvesting
================================================================

Lattice: 16x16  DOF: 512  mass: 0.05  r: 1
Block: 4x4  Null vectors/block: 4
MG levels: 2  cycle: W  coarse_block: 16  refresh: 3
Krylov: 30  maxiter: 300  tol: 1.0e-10
OpenMP threads: 1
Gauge perturbation per step: epsilon = 0.1200  steps: 30  seed: 42
Initial <plaq> = 0.9117

--- Initial MG Setup ---
Building hierarchy:
  Level 0: dim=512 -> coarse_dim=64
Setup time: 0.018 s  (amortised over all solves)

Initial coarse deflation eigenvalues (16 vectors): 7.449e-03 7.682e-03 1.341e-01 1.341e-01 1.444e-01 1.451e-01 1.635e-01 1.673e-01 1.848e-01 1.868e-01 2.801e-01 2.814e-01 2.994e-01 3.049e-01 3.363e-01 3.531e-01

--- Gauge Evolution: 2-Level W-Cycle MG ---
  CG=bare, CGsW=CG+symMG+WarmPer, CGsD=+deflation,
  FGMw=FGMRES+MG+WarmPer, CGsF=CG+symMG+Fresh
  Warm refresh every 3 steps, 16 coarse deflation vectors

 Step    Plaq    CG   CGsW   CGsD   FGMw   CGsF
-----------------------------------------------
    0  0.8879   162     30     25     22     32 W  emin=9.35e-03
    1  0.8626   161     36     26     24     30  emin=1.15e-02
    2  0.8456   164     39     27     26     31  emin=1.35e-02
    3  0.8310   157     30     24     21     32 W  emin=1.47e-02
    4  0.8134   161     34     26     23     31  emin=1.67e-02
    5  0.7822   154     36     27     25     31  emin=1.86e-02
    6  0.7474   156     30     25     21     31 W  emin=2.18e-02
    7  0.7425   158     34     25     23     34  emin=2.62e-02
    8  0.7143   155     35     26     24     31  emin=3.07e-02
    9  0.6906   156     30     25     21     31 W  emin=3.30e-02
   10  0.6537   151     32     26     23     31  emin=3.85e-02
   11  0.6394   150     35     26     24     31  emin=4.14e-02
   12  0.6284   150     30     25     21     30 W  emin=4.61e-02
   13  0.5901   150     32     26     23     31  emin=5.01e-02
   14  0.5808   149     34     26     24     31  emin=5.02e-02
   15  0.5554   147     30     26     21     31 W  emin=5.74e-02
   16  0.5292   145     32     26     23     30  emin=6.05e-02
   17  0.5152   144     34     26     24     31  emin=6.77e-02
   18  0.5090   144     31     26     22     31 W  emin=6.91e-02
   19  0.5048   141     33     26     23     30  emin=7.12e-02
   20  0.4958   139     34     27     24     31  emin=7.34e-02
   21  0.4724   137     31     26     21     31 W  emin=7.91e-02
   22  0.4582   134     32     26     22     31  emin=8.18e-02
   23  0.4414   137     34     27     23     30  emin=8.33e-02
   24  0.4112   135     31     26     21     31 W  emin=8.47e-02
   25  0.3795   132     33     26     22     30  emin=8.90e-02
   26  0.3816   132     34     27     23     31  emin=9.47e-02
   27  0.3640   128     30     27     21     30 W  emin=1.01e-01
   28  0.3568   128     32     27     22     29  emin=1.07e-01
   29  0.3338   123     33     27     23     31  emin=1.14e-01
-----------------------------------------------

--- Timing Summary (incl. 0.02s initial setup, amortised) ---
  Strategy        Time(s)   vs CG    Iters   Iters/solve
  CG (bare)       0.0705   100.0%    4380     146.0
  CG+sMG Wm       0.3580   508.2%     981      32.7
  CG+sMG WmDf     0.9325  1323.6%     781      26.0
  FGM+MG Wm       0.3450   489.6%     680      22.7
  CG+sMG Fr       0.6280   891.4%     926      30.9
  (W = warm refresh step, 16 coarse deflation vecs)
  (Coarse deflation update: 0.5924s total, 0.0197s/step)
  (Fresh setup: 0.3808s total)

================================================================
  'CG'        = unpreconditioned CG (baseline)
  'CG+sMG Wm' = CG + symmetric MG + WarmPer refresh
  'CG+sMG WmDf' = + LOBPCG coarse-grid deflation
  'FGM+MG Wm' = FGMRES + MG (MR smoother) + WarmPer
  'CG+sMG Fr' = CG + symmetric MG, fresh setup (gold)
================================================================
<end of output>
Test time =   2.37 sec
----------------------------------------------------------
Test Passed.
"mg_2level" end time: Mar 28 14:54 PDT
"mg_2level" time elapsed: 00:00:02
----------------------------------------------------------

2/29 Testing: mg_2level_clover
2/29 Test: mg_2level_clover
Command: "/Users/deanhowarth/HMC_EVOL/git_repo/build/schwinger" "-L" "32" "--mg-levels" "2" "--csw" "1.0" "-t" "1"
Directory: /Users/deanhowarth/HMC_EVOL/git_repo/build
"mg_2level_clover" start time: Mar 28 14:54 PDT
Output:
----------------------------------------------------------
================================================================
  2D Schwinger Model: MG with EigCG-Inspired Ritz Harvesting
================================================================

Lattice: 32x32  DOF: 2048  mass: 0.05  r: 1
Block: 4x4  Null vectors/block: 4
MG levels: 2  cycle: W  coarse_block: 16  refresh: 3
Krylov: 30  maxiter: 300  tol: 1.0e-10
OpenMP threads: 1
Gauge perturbation per step: epsilon = 0.1200  steps: 30  seed: 42
Initial <plaq> = 0.9025

--- Initial MG Setup ---
Building hierarchy:
  Level 0: dim=2048 -> coarse_dim=256
Setup time: 0.068 s  (amortised over all solves)

Initial coarse deflation eigenvalues (16 vectors): 5.842e-03 5.948e-03 3.869e-02 3.908e-02 4.040e-02 4.048e-02 4.333e-02 4.367e-02 4.512e-02 4.707e-02 7.324e-02 7.501e-02 7.585e-02 7.835e-02 8.558e-02 8.852e-02

--- Gauge Evolution: 2-Level W-Cycle MG ---
  CG=bare, CGsW=CG+symMG+WarmPer, CGsD=+deflation,
  FGMw=FGMRES+MG+WarmPer, CGsF=CG+symMG+Fresh
  Warm refresh every 3 steps, 16 coarse deflation vectors

 Step    Plaq    CG   CGsW   CGsD   FGMw   CGsF
-----------------------------------------------
    0  0.8882   286     40     30     29     44 W  emin=6.46e-03
    1  0.8638   288     48     33     34     43  emin=7.82e-03
    2  0.8336   289     52     35     37     38  emin=9.28e-03
    3  0.8059   280     38     30     28     40 W  emin=1.13e-02
    4  0.7796   281     46     33     33     40  emin=1.30e-02
    5  0.7564   272     49     36     34     42  emin=1.45e-02
    6  0.7326   261     37     31     27     41 W  emin=1.66e-02
    7  0.7067   255     43     34     30     43  emin=1.97e-02
    8  0.6862   252     48     36     33     40  emin=2.14e-02
    9  0.6619   245     36     32     26     39 W  emin=2.39e-02
   10  0.6424   244     43     34     31     42  emin=2.54e-02
   11  0.6316   241     47     37     32     40  emin=2.56e-02
   12  0.6204   235     36     32     26     39 W  emin=2.78e-02
   13  0.6015   229     41     35     29     39  emin=3.10e-02
   14  0.5968   226     47     38     32     38  emin=3.34e-02
   15  0.5820   224     36     33     26     38 W  emin=3.42e-02
   16  0.5645   218     42     34     29     38  emin=3.77e-02
   17  0.5515   209     44     36     29     39  emin=3.98e-02
   18  0.5213   199     34     33     24     35 W  emin=4.65e-02
   19  0.5001   193     38     34     27     36  emin=4.87e-02
   20  0.4792   188     45     37     30     35  emin=5.44e-02
   21  0.4656   184     34     33     24     37 W  emin=5.96e-02
   22  0.4477   178     42     36     29     37  emin=6.36e-02
   23  0.4313   178     45     39     32     36  emin=6.60e-02
   24  0.4267   179     37     35     26     38 W  emin=6.05e-02
   25  0.4121   175     43     38     29     39  emin=6.84e-02
   26  0.3992   178     47     40     32     37  emin=6.56e-02
   27  0.3965   180     39     36     27     37 W  emin=6.21e-02
   28  0.3813   178     43     38     29     37  emin=5.85e-02
   29  0.3680   178     44     39     30     37  emin=6.05e-02
-----------------------------------------------

--- Timing Summary (incl. 0.07s initial setup, amortised) ---
  Strategy        Time(s)   vs CG    Iters   Iters/solve
  CG (bare)       0.4514   100.0%    6723     224.1
  CG+sMG Wm      10.9156  2418.1%    1264      42.1
  CG+sMG WmDf    17.6982  3920.7%    1047      34.9
  FGM+MG Wm       8.2603  1829.9%     884      29.5
  CG+sMG Fr      11.3160  2506.9%    1164      38.8
  (W = warm refresh step, 16 coarse deflation vecs)
  (Coarse deflation update: 8.3837s total, 0.2795s/step)
  (Fresh setup: 2.0738s total)

================================================================
  'CG'        = unpreconditioned CG (baseline)
  'CG+sMG Wm' = CG + symmetric MG + WarmPer refresh
  'CG+sMG WmDf' = + LOBPCG coarse-grid deflation
  'FGM+MG Wm' = FGMRES + MG (MR smoother) + WarmPer
  'CG+sMG Fr' = CG + symmetric MG, fresh setup (gold)
================================================================
<end of output>
Test time =  49.01 sec
----------------------------------------------------------
Test Passed.
"mg_2level_clover" end time: Mar 28 14:55 PDT
"mg_2level_clover" time elapsed: 00:00:49
----------------------------------------------------------

3/29 Testing: mg_3level
3/29 Test: mg_3level
Command: "/Users/deanhowarth/HMC_EVOL/git_repo/build/schwinger" "-L" "32" "--mg-levels" "3" "-k" "8" "-t" "1"
Directory: /Users/deanhowarth/HMC_EVOL/git_repo/build
"mg_3level" start time: Mar 28 14:55 PDT
Output:
----------------------------------------------------------
================================================================
  2D Schwinger Model: MG with EigCG-Inspired Ritz Harvesting
================================================================

Lattice: 32x32  DOF: 2048  mass: 0.05  r: 1
Block: 4x4  Null vectors/block: 8
MG levels: 3  cycle: W  coarse_block: 32  refresh: 3
Krylov: 30  maxiter: 300  tol: 1.0e-10
OpenMP threads: 1
Gauge perturbation per step: epsilon = 0.1200  steps: 30  seed: 42
Initial <plaq> = 0.9025

--- Initial MG Setup ---
Building hierarchy:
  Level 0: dim=2048 -> coarse_dim=512
  Level 1: dim=512 block=32 -> coarse_dim=128
Setup time: 0.600 s  (amortised over all solves)

Initial coarse deflation eigenvalues (32 vectors): 8.059e-03 8.095e-03 4.112e-02 4.175e-02 4.275e-02 4.344e-02 4.583e-02 4.629e-02 4.792e-02 4.928e-02 7.572e-02 7.769e-02 7.855e-02 7.947e-02 8.736e-02 8.765e-02 8.919e-02 9.236e-02 1.374e-01 1.419e-01 1.470e-01 1.499e-01 1.560e-01 1.605e-01 1.693e-01 1.723e-01 1.785e-01 1.809e-01 1.856e-01 1.896e-01 1.961e-01 1.979e-01

--- Gauge Evolution: 3-Level W-Cycle MG ---
  CG=bare, CGsW=CG+symMG+WarmPer, CGsD=+deflation,
  FGMw=FGMRES+MG+WarmPer, CGsF=CG+symMG+Fresh
  Warm refresh every 3 steps, 32 coarse deflation vectors

 Step    Plaq    CG   CGsW   CGsD   FGMw   CGsF
-----------------------------------------------
    0  0.8750   272     27     18     19     20 W  emin=1.01e-02
    1  0.8488   261     29     18     21     21  emin=1.20e-02
    2  0.8261   266     30     19     22     21  emin=1.42e-02
    3  0.7981   252     28     18     19     20 W  emin=1.70e-02
    4  0.7770   247     29     19     20     21  emin=1.92e-02
    5  0.7535   239     29     19     21     21  emin=2.27e-02
    6  0.7301   231     25     19     18     21 W  emin=2.59e-02
    7  0.7170   229     26     20     19     20  emin=2.84e-02
    8  0.7056   223     27     20     20     21  emin=3.10e-02
    9  0.6863   214     25     19     17     20 W  emin=3.37e-02
   10  0.6736   211     25     20     18     20  emin=3.63e-02
   11  0.6568   207     26     21     19     21  emin=3.86e-02
   12  0.6351   198     26     20     17     21 W  emin=4.19e-02
   13  0.6190   194     27     21     18     21  emin=4.32e-02
   14  0.5906   188     27     21     19     22  emin=5.00e-02
   15  0.5680   183     25     21     16     22 W  emin=5.35e-02
   16  0.5461   177     25     21     17     22  emin=5.99e-02
   17  0.5291   172     25     22     17     23  emin=6.45e-02
   18  0.5055   163     23     21     15     22 W  emin=7.21e-02
   19  0.4893   164     23     22     17     23  emin=7.36e-02
   20  0.4818   157     24     22     17     23  emin=7.89e-02
   21  0.4691   155     23     22     16     22 W  emin=8.36e-02
   22  0.4487   152     24     22     16     23  emin=8.68e-02
   23  0.4434   151     24     23     17     23  emin=8.90e-02
   24  0.4230   146     23     23     16     22 W  emin=9.11e-02
   25  0.4084   143     23     22     16     23  emin=9.71e-02
   26  0.4018   141     24     23     17     22  emin=9.85e-02
   27  0.3866   137     23     22     16     23 W  emin=1.04e-01
   28  0.3751   139     23     23     16     23  emin=1.03e-01
   29  0.3576   138     23     23     17     24  emin=1.05e-01
-----------------------------------------------

--- Timing Summary (incl. 0.60s initial setup, amortised) ---
  Strategy        Time(s)   vs CG    Iters   Iters/solve
  CG (bare)       0.3625   100.0%    5750     191.7
  CG+sMG Wm       9.7063  2677.2%     761      25.4
  CG+sMG WmDf    14.3838  3967.4%     624      20.8
  FGM+MG Wm       9.8262  2710.3%     533      17.8
  CG+sMG Fr      22.3947  6177.0%     651      21.7
  (W = warm refresh step, 32 coarse deflation vecs)
  (Coarse deflation update: 5.3402s total, 0.1780s/step)
  (Fresh setup: 18.2241s total)

================================================================
  'CG'        = unpreconditioned CG (baseline)
  'CG+sMG Wm' = CG + symmetric MG + WarmPer refresh
  'CG+sMG WmDf' = + LOBPCG coarse-grid deflation
  'FGM+MG Wm' = FGMRES + MG (MR smoother) + WarmPer
  'CG+sMG Fr' = CG + symmetric MG, fresh setup (gold)
================================================================
<end of output>
Test time =  57.47 sec
----------------------------------------------------------
Test Passed.
"mg_3level" end time: Mar 28 14:56 PDT
"mg_3level" time elapsed: 00:00:57
----------------------------------------------------------

4/29 Testing: hmc_wilson
4/29 Test: hmc_wilson
Command: "/Users/deanhowarth/HMC_EVOL/git_repo/build/schwinger" "--hmc" "-L" "16" "--hmc-beta" "2.0" "--hmc-traj" "10" "--hmc-therm" "10" "-t" "1"
Directory: /Users/deanhowarth/HMC_EVOL/git_repo/build
"hmc_wilson" start time: Mar 28 14:56 PDT
Output:
----------------------------------------------------------
================================================================
  2D Schwinger Model: MG with EigCG-Inspired Ritz Harvesting
================================================================

Lattice: 16x16  DOF: 512  mass: 0.05  r: 1
Block: 4x4  Null vectors/block: 4
MG levels: 1  cycle: V
Krylov: 30  maxiter: 300  tol: 1.0e-10
OpenMP threads: 1
Gauge perturbation per step: epsilon = 0.1200  steps: 30  seed: 42
Initial <plaq> = 0.9117

=== HMC Mode ===
beta=2.0000  tau=1.0000  steps=20  dt=0.0500
trajectories=10  therm=10  save_every=10
Monomials: KE=kinetic  SG=gauge  SF=fermion  dH=total

 Traj    Plaq      dKE      dSG      dSF        dH   A   Rate    CG    Time
-------------------------------------------------------------
    0  0.6866   31.231  115.234 -145.952    0.5123   Y     0%  3517    0.06 [therm]
    1  0.6221   92.104   33.021 -125.693   -0.5681   Y     0%  3383    0.06 [therm]
    2  0.6612   90.815  -20.045  -71.247   -0.4771   Y     0%  3271    0.05 [therm]
    3  0.6106   70.562   25.942  -96.781   -0.2771   Y     0%  3312    0.05 [therm]
    4  0.6152   70.225   -2.377  -68.170   -0.3214   Y     0%  3235    0.05 [therm]
    5  0.5964   83.384    9.629  -93.240   -0.2264   Y     0%  3225    0.05 [therm]
    6  0.5968   80.997   -0.188  -81.063   -0.2539   Y     0%  3161    0.05 [therm]
    7  0.6542  120.135  -29.380  -91.139   -0.3842   Y     0%  3195    0.05 [therm]
    8  0.6061   76.931   24.585 -102.125   -0.6090   Y     0%  3324    0.05 [therm]
    9  0.5974   89.802    4.484  -94.713   -0.4261   Y     0%  3365    0.05 [therm]
   10  0.6088  101.450   -5.850  -96.199   -0.5994   Y   100%  3255    0.05
  -> saved gauge_L16_b200_m500_0.bin
   11  0.6219   64.530   -6.718  -58.080   -0.2683   Y   100%  3222    0.05
   12  0.6567   62.128  -17.820  -44.515   -0.2072   Y   100%  3370    0.05
   13  0.6490  132.256    3.951 -136.476   -0.2681   Y   100%  3338    0.05
   14  0.6659   79.094   -8.653  -70.871   -0.4306   Y   100%  3257    0.05
   15  0.6371   70.229   14.771  -85.314   -0.3147   Y   100%  3424    0.06
   16  0.5701   63.178   34.278  -97.842   -0.3856   Y   100%  3246    0.05
   17  0.5185   76.836   26.413 -103.801   -0.5519   Y   100%  3084    0.05
   18  0.5655  115.101  -24.055  -91.631   -0.5857   Y   100%  3031    0.05
   19  0.6109  100.324  -23.255  -77.623   -0.5545   Y   100%  3273    0.05

=== HMC Summary ===
Final <plaq> = 0.610936
Acceptance rate (post-therm): 100.0%
Configs saved: 1
<end of output>
Test time =   1.07 sec
----------------------------------------------------------
Test Passed.
"hmc_wilson" end time: Mar 28 14:56 PDT
"hmc_wilson" time elapsed: 00:00:01
----------------------------------------------------------

5/29 Testing: hmc_clover
5/29 Test: hmc_clover
Command: "/Users/deanhowarth/HMC_EVOL/git_repo/build/schwinger" "--hmc" "--csw" "1.0" "-L" "16" "--hmc-beta" "2.0" "--hmc-traj" "10" "--hmc-therm" "10" "-t" "1"
Directory: /Users/deanhowarth/HMC_EVOL/git_repo/build
"hmc_clover" start time: Mar 28 14:56 PDT
Output:
----------------------------------------------------------
================================================================
  2D Schwinger Model: MG with EigCG-Inspired Ritz Harvesting
================================================================

Lattice: 16x16  DOF: 512  mass: 0.05  r: 1
Block: 4x4  Null vectors/block: 4
MG levels: 1  cycle: V
Krylov: 30  maxiter: 300  tol: 1.0e-10
OpenMP threads: 1
Gauge perturbation per step: epsilon = 0.1200  steps: 30  seed: 42
Initial <plaq> = 0.9117

=== HMC Mode ===
beta=2.0000  tau=1.0000  steps=20  dt=0.0500
trajectories=10  therm=10  save_every=10
Monomials: KE=kinetic  SG=gauge  SF=fermion  dH=total

 Traj    Plaq      dKE      dSG      dSF        dH   A   Rate    CG    Time
-------------------------------------------------------------
    0  0.6776   26.100  119.821 -145.350    0.5715   Y     0%  3839    0.07 [therm]
    1  0.6399   82.909   19.298 -102.982   -0.7755   Y     0%  4098    0.07 [therm]
    2  0.6817   96.137  -21.406  -75.134   -0.4025   Y     0%  4016    0.07 [therm]
    3  0.6319   73.112   25.542  -99.108   -0.4549   Y     0%  3874    0.07 [therm]
    4  0.6451   84.821   -6.789  -78.590   -0.5576   Y     0%  4064    0.07 [therm]
    5  0.6054   82.501   20.311 -103.320   -0.5091   Y     0%  4038    0.07 [therm]
    6  0.5923  109.185    6.751 -116.415   -0.4787   Y     0%  4063    0.07 [therm]
    7  0.5923   92.435  -29.768  -62.539    0.1285   N     0%  4312    0.07 [therm]
    8  0.6335  103.218  -21.115  -82.759   -0.6554   Y     0%  4255    0.07 [therm]
    9  0.5952   50.744   19.625  -70.789   -0.4198   Y     0%  4262    0.07 [therm]
   10  0.5919   83.615    1.690  -85.426   -0.1208   Y   100%  4237    0.07
  -> saved gauge_L16_b200_m500_0.bin
   11  0.5860   99.127    2.981 -102.859   -0.7515   Y   100%  4012    0.07
   12  0.5829  105.115    1.612 -107.114   -0.3869   Y   100%  3982    0.07
   13  0.5273   77.552   28.457 -106.078   -0.0682   Y   100%  4117    0.07
   14  0.5492  106.153  -11.204  -95.301   -0.3519   Y   100%  4251    0.07
   15  0.5632   59.344   -7.178  -52.506   -0.3399   Y   100%  3866    0.07
   16  0.5712   59.047   -4.076  -55.246   -0.2748   Y   100%  4010    0.07
   17  0.6428  126.668  -36.650  -90.776   -0.7577   Y   100%  3980    0.07
   18  0.6276   96.964    7.773 -104.870   -0.1327   Y   100%  4073    0.07
   19  0.5738   75.108   27.544 -103.077   -0.4259   Y   100%  3925    0.07

=== HMC Summary ===
Final <plaq> = 0.573787
Acceptance rate (post-therm): 100.0%
Configs saved: 1
<end of output>
Test time =   1.40 sec
----------------------------------------------------------
Test Passed.
"hmc_clover" end time: Mar 28 14:56 PDT
"hmc_clover" time elapsed: 00:00:01
----------------------------------------------------------

6/29 Testing: hmc_wilson_eo
6/29 Test: hmc_wilson_eo
Command: "/Users/deanhowarth/HMC_EVOL/git_repo/build/schwinger" "--hmc" "--even-odd" "-L" "16" "--hmc-beta" "2.0" "--hmc-traj" "10" "--hmc-therm" "10" "-t" "1"
Directory: /Users/deanhowarth/HMC_EVOL/git_repo/build
"hmc_wilson_eo" start time: Mar 28 14:56 PDT
Output:
----------------------------------------------------------
================================================================
  2D Schwinger Model: MG with EigCG-Inspired Ritz Harvesting
================================================================

Lattice: 16x16  DOF: 512  mass: 0.05  r: 1
Block: 4x4  Null vectors/block: 4
MG levels: 1  cycle: V
Krylov: 30  maxiter: 300  tol: 1.0e-10
OpenMP threads: 1
Gauge perturbation per step: epsilon = 0.1200  steps: 30  seed: 42
Initial <plaq> = 0.9117

=== HMC Mode ===
beta=2.0000  tau=1.0000  steps=20  dt=0.0500
trajectories=10  therm=10  save_every=10
Monomials: KE=kinetic  SG=gauge  SF=fermion  dH=total

 Traj    Plaq      dKE      dSG      dSF        dH   A   Rate    CG    Time
-------------------------------------------------------------
    0  0.9117  -22.589  100.693  -76.738    1.3653   N     0%  1477    0.03 [therm]
    1  0.7435  -30.589   86.091  -55.515   -0.0122   Y     0%  1457    0.03 [therm]
    2  0.6388    8.282   53.585  -61.894   -0.0266   Y     0%  1448    0.03 [therm]
    3  0.6360   38.703    1.434  -40.251   -0.1143   Y     0%  1444    0.03 [therm]
    4  0.6414   34.456   -2.737  -31.830   -0.1109   Y     0%  1446    0.03 [therm]
    5  0.6719   44.685  -15.645  -29.192   -0.1518   Y     0%  1465    0.03 [therm]
    6  0.6295   13.978   21.751  -35.757   -0.0278   Y     0%  1457    0.03 [therm]
    7  0.6831   54.485  -27.479  -27.220   -0.2140   Y     0%  1434    0.02 [therm]
    8  0.6422   29.196   20.965  -50.264   -0.1035   Y     0%  1450    0.03 [therm]
    9  0.6397   34.493    1.279  -35.977   -0.2059   Y     0%  1444    0.03 [therm]
   10  0.6049   21.334   17.831  -39.323   -0.1583   Y   100%  1438    0.02
  -> saved gauge_L16_b200_m500_0.bin
   11  0.6414   51.909  -18.706  -33.426   -0.2228   Y   100%  1416    0.02
   12  0.5868   15.246   27.946  -43.290   -0.0974   Y   100%  1427    0.02
   13  0.6013   31.086   -7.437  -23.723   -0.0745   Y   100%  1418    0.02
   14  0.6805   64.198  -40.535  -23.872   -0.2091   Y   100%  1457    0.03
   15  0.6625   33.478    9.203  -42.752   -0.0707   Y   100%  1491    0.03
   16  0.6830   42.752  -10.488  -32.388   -0.1242   Y   100%  1488    0.03
   17  0.6548   26.094   14.469  -40.639   -0.0763   Y   100%  1497    0.03
   18  0.6739   22.943   -9.790  -13.183   -0.0301   Y   100%  1492    0.03
   19  0.6572   24.979    8.547  -33.631   -0.1048   Y   100%  1443    0.03

=== HMC Summary ===
Final <plaq> = 0.657195
Acceptance rate (post-therm): 100.0%
Configs saved: 1
<end of output>
Test time =   0.51 sec
----------------------------------------------------------
Test Passed.
"hmc_wilson_eo" end time: Mar 28 14:56 PDT
"hmc_wilson_eo" time elapsed: 00:00:00
----------------------------------------------------------

7/29 Testing: hmc_clover_eo
7/29 Test: hmc_clover_eo
Command: "/Users/deanhowarth/HMC_EVOL/git_repo/build/schwinger" "--hmc" "--even-odd" "--csw" "1.0" "-L" "16" "--hmc-beta" "2.0" "--hmc-traj" "10" "--hmc-therm" "10" "-t" "1"
Directory: /Users/deanhowarth/HMC_EVOL/git_repo/build
"hmc_clover_eo" start time: Mar 28 14:56 PDT
Output:
----------------------------------------------------------
================================================================
  2D Schwinger Model: MG with EigCG-Inspired Ritz Harvesting
================================================================

Lattice: 16x16  DOF: 512  mass: 0.05  r: 1
Block: 4x4  Null vectors/block: 4
MG levels: 1  cycle: V
Krylov: 30  maxiter: 300  tol: 1.0e-10
OpenMP threads: 1
Gauge perturbation per step: epsilon = 0.1200  steps: 30  seed: 42
Initial <plaq> = 0.9117

=== HMC Mode ===
beta=2.0000  tau=1.0000  steps=20  dt=0.0500
trajectories=10  therm=10  save_every=10
Monomials: KE=kinetic  SG=gauge  SF=fermion  LD=log-det  dH=total

 Traj    Plaq      dKE      dSG      dSF      dLD        dH   A   Rate    CG    Time
----------------------------------------------------------------------
    0  0.9117  -14.245   92.489  -77.191    0.759    1.8117   N     0%  1602    0.03 [therm]
    1  0.7569  -22.082   79.251  -58.087    0.795   -0.1240   Y     0%  1627    0.03 [therm]
    2  0.6933    4.550   32.545  -37.099    0.024    0.0210   Y     0%  1720    0.04 [therm]
    3  0.6869   32.831    3.284  -36.401    0.071   -0.2156   Y     0%  1808    0.04 [therm]
    4  0.6265   16.620   30.909  -47.696    0.144   -0.0234   Y     0%  1859    0.04 [therm]
    5  0.6108   28.840    8.062  -37.087    0.048   -0.1372   Y     0%  1788    0.04 [therm]
    6  0.5960   40.520    7.556  -48.159   -0.057   -0.1400   Y     0%  1788    0.04 [therm]
    7  0.6180   35.870  -11.251  -24.834   -0.116   -0.3323   Y     0%  1747    0.04 [therm]
    8  0.6282   32.736   -5.252  -27.324   -0.190   -0.0295   Y     0%  1739    0.04 [therm]
    9  0.6232   31.363    2.575  -34.188    0.080   -0.1696   Y     0%  1701    0.04 [therm]
   10  0.6131   45.480    5.193  -51.034    0.154   -0.2062   Y   100%  1700    0.04
  -> saved gauge_L16_b200_m500_0.bin
   11  0.5988   29.056    7.314  -36.711    0.152   -0.1892   Y   100%  1758    0.04
   12  0.6505   57.347  -26.489  -31.009   -0.173   -0.3247   Y   100%  1839    0.04
   13  0.6627   47.549   -6.244  -41.799    0.155   -0.3397   Y   100%  1757    0.04
   14  0.6286   -0.528   17.466  -17.000    0.107    0.0450   Y   100%  1798    0.04
   15  0.6532   34.488  -12.594  -22.088   -0.133   -0.3267   Y   100%  1866    0.04
   16  0.6340   45.388    9.837  -55.198   -0.298   -0.2712   Y   100%  1742    0.04
   17  0.6272   32.921    3.466  -36.704    0.071   -0.2466   Y   100%  1798    0.04
   18  0.6322   20.767   -2.532  -18.245   -0.070   -0.0810   Y   100%  1765    0.04
   19  0.6611   57.853  -14.830  -43.345    0.060   -0.2624   Y   100%  1789    0.04

=== HMC Summary ===
Final <plaq> = 0.661135
Acceptance rate (post-therm): 100.0%
Configs saved: 1
<end of output>
Test time =   0.74 sec
----------------------------------------------------------
Test Passed.
"hmc_clover_eo" end time: Mar 28 14:56 PDT
"hmc_clover_eo" time elapsed: 00:00:00
----------------------------------------------------------

8/29 Testing: mg_multiscale_leapfrog
8/29 Test: mg_multiscale_leapfrog
Command: "/Users/deanhowarth/HMC_EVOL/git_repo/build/schwinger" "-L" "16" "--hmc-mg-multiscale" "--mg-levels" "2" "-b" "4" "-k" "4" "--hmc-n-outer" "20" "--hmc-n-inner" "1" "--hmc-n-defl" "8" "--hmc-traj" "10" "--hmc-therm" "10" "-t" "1"
Directory: /Users/deanhowarth/HMC_EVOL/git_repo/build
"mg_multiscale_leapfrog" start time: Mar 28 14:56 PDT
Output:
----------------------------------------------------------
================================================================
  2D Schwinger Model: MG with EigCG-Inspired Ritz Harvesting
================================================================

Lattice: 16x16  DOF: 512  mass: 0.05  r: 1
Block: 4x4  Null vectors/block: 4
MG levels: 2  cycle: W  coarse_block: 16  refresh: 3
Krylov: 30  maxiter: 300  tol: 1.0e-10
OpenMP threads: 1
Gauge perturbation per step: epsilon = 0.1200  steps: 30  seed: 42
Initial <plaq> = 0.9117

=== MG Multi-Timescale HMC (Coarse-Grid Deflation) ===

L=16  DOF=512  mass=0.0500  beta=2.0000
MG levels=2  block=4  k_null=4
n_outer=20  n_inner=1  total_steps=20  tau=1.0000
n_defl=8  traj=10
Monomials: KE=kinetic  SG=gauge  SF=fermion  dH=total

--- Using cold start (no saved config found) ---
--- Building MG hierarchy ---
  Level 0: dim=512 -> coarse_dim=64
  Sparse coarse: dim=64 (nbx=4 nby=4 k_vec=4)
  Running TRLM for 8 deflation vectors...
  TRLM eigenvalues: 0.0092 0.0103 0.1468 0.1522 0.3074 0.3899 0.4250 0.4543
  Coarsest-level solve: deflated CG (sparse, 8 deflation vectors)
  Coarse dim: 64  n_defl: 8
  Coarse eigenvalues: 9.1764e-03 1.0289e-02 1.4678e-01 1.5225e-01 3.0742e-01 3.8988e-01 4.2499e-01 4.5427e-01 

Outer: Leapfrog  Inner: Leapfrog (gauge+lowmode)

--- Standard HMC (reference) ---
 traj    Plaq      dKE      dSG      dSF        dH   A    CG    Time
--------------------------------------------------------------------
    0  0.7292   10.329   93.418 -103.848   -0.1004   Y  3552    1.14
    1  0.6016   47.801   65.349 -113.659   -0.5092   Y  6880    2.25
    2  0.5763   55.788   12.942  -68.796   -0.0660   Y  6900    2.31
    3  0.6443  120.991  -34.815  -86.596   -0.4199   Y  4862    1.55
    4  0.5999   53.940   22.716  -76.839   -0.1834   Y  4810    1.43
    5  0.5596   68.123   20.625  -88.993   -0.2450   Y  4963    1.50
    6  0.5554  118.022    2.145 -120.728   -0.5606   Y  5209    1.58
    7  0.5438  111.215    5.936 -117.506   -0.3546   Y  5460    1.60
    8  0.5771  109.826  -17.012  -93.185   -0.3710   Y  5555    1.62
    9  0.6427   80.544  -33.608  -47.322   -0.3859   Y  5650    1.60

--- MG Multi-timescale ---
 traj    Plaq      dKE      dSG      dSF        dH   A    CG   LEv    Time
--------------------------------------------------------------------------
    0  0.9117   40.662  103.795 -143.907    0.5501   N  3629    40    1.18
    1  0.9117    0.001  110.974 -110.829    0.1461   N  4092    40    1.33
    2  0.6911   -7.877  112.930 -104.757    0.2962   Y  3838    40    1.24
    3  0.6530   65.098   19.479  -84.787   -0.2106   Y  3113    40    1.00
    4  0.6660   86.953   -6.612  -80.545   -0.2040   Y  3723    40    1.12
    5  0.6079   71.066   29.735 -101.053   -0.2522   Y  4160    40    1.27
    6  0.5925  125.190    7.890 -133.475   -0.3953   Y  4428    40    1.36
    7  0.5815   57.286    5.603  -62.947   -0.0573   Y  4863    40    1.44
    8  0.5907   84.572   -4.674  -80.079   -0.1804   Y  5101    40    1.50
    9  0.6332   96.054  -21.763  -74.634   -0.3426   Y  5437    40    1.55

=== Summary over 10 trajectories ===
  Standard MG-HMC (n_steps=20):
    Accept rate:  100.0%
    Avg |dH|:     3.196e-01
    Avg CG iters: 5384
    Avg wall time:1.657s

  MG Multi-timescale (n_outer=20 n_inner=1 n_defl=8):
    Accept rate:  80.0%
    Avg |dH|:     2.635e-01
    Avg CG iters: 4238 (21 outer + 2 H evals)
    Low-mode evals:40 avg/traj
    Avg wall time:1.299s (low=0.008s high=1.180s)

  CG ratio (MS/Std): 0.79x
  Wall speedup: 1.28x
<end of output>
Test time =  29.59 sec
----------------------------------------------------------
Test Passed.
"mg_multiscale_leapfrog" end time: Mar 28 14:56 PDT
"mg_multiscale_leapfrog" time elapsed: 00:00:29
----------------------------------------------------------

9/29 Testing: mg_multiscale_omelyan
9/29 Test: mg_multiscale_omelyan
Command: "/Users/deanhowarth/HMC_EVOL/git_repo/build/schwinger" "-L" "16" "--hmc-mg-multiscale" "--hmc-omelyan" "--mg-levels" "2" "-b" "4" "-k" "4" "--hmc-n-outer" "20" "--hmc-n-inner" "1" "--hmc-n-defl" "8" "--hmc-traj" "10" "--hmc-therm" "10" "-t" "1"
Directory: /Users/deanhowarth/HMC_EVOL/git_repo/build
"mg_multiscale_omelyan" start time: Mar 28 14:56 PDT
Output:
----------------------------------------------------------
================================================================
  2D Schwinger Model: MG with EigCG-Inspired Ritz Harvesting
================================================================

Lattice: 16x16  DOF: 512  mass: 0.05  r: 1
Block: 4x4  Null vectors/block: 4
MG levels: 2  cycle: W  coarse_block: 16  refresh: 3
Krylov: 30  maxiter: 300  tol: 1.0e-10
OpenMP threads: 1
Gauge perturbation per step: epsilon = 0.1200  steps: 30  seed: 42
Initial <plaq> = 0.9117

=== MG Multi-Timescale HMC (Coarse-Grid Deflation) ===

L=16  DOF=512  mass=0.0500  beta=2.0000
MG levels=2  block=4  k_null=4
n_outer=20  n_inner=1  total_steps=20  tau=1.0000
n_defl=8  traj=10
Monomials: KE=kinetic  SG=gauge  SF=fermion  dH=total

--- Using cold start (no saved config found) ---
--- Building MG hierarchy ---
  Level 0: dim=512 -> coarse_dim=64
  Sparse coarse: dim=64 (nbx=4 nby=4 k_vec=4)
  Running TRLM for 8 deflation vectors...
  TRLM eigenvalues: 0.0092 0.0103 0.1468 0.1522 0.3074 0.3899 0.4250 0.4543
  Coarsest-level solve: deflated CG (sparse, 8 deflation vectors)
  Coarse dim: 64  n_defl: 8
  Coarse eigenvalues: 9.1764e-03 1.0289e-02 1.4678e-01 1.5225e-01 3.0742e-01 3.8988e-01 4.2499e-01 4.5427e-01 

Outer: Omelyan (2MN)  Inner: Leapfrog (gauge+lowmode)

--- Standard HMC (reference) ---
 traj    Plaq      dKE      dSG      dSF        dH   A    CG    Time
--------------------------------------------------------------------
    0  0.7292   10.329   93.418 -103.848   -0.1004   Y  3552    1.14
    1  0.6016   47.801   65.349 -113.659   -0.5092   Y  6880    2.25
    2  0.5763   55.788   12.942  -68.796   -0.0660   Y  6900    2.30
    3  0.6443  120.990  -34.814  -86.597   -0.4208   Y  6900    2.31
    4  0.5999   53.955   22.714  -76.851   -0.1822   Y  6900    2.31
    5  0.5596   68.130   20.622  -88.997   -0.2449   Y  5895    1.91
    6  0.5555  118.026    2.134 -120.721   -0.5608   Y  5804    1.77
    7  0.5438  111.178    5.988 -117.520   -0.3543   Y  5822    1.76
    8  0.5772  109.924  -17.096  -93.199   -0.3709   Y  5588    1.65
    9  0.6427   80.561  -33.545  -47.403   -0.3866   Y  5682    1.63

--- MG Multi-timescale ---
 traj    Plaq      dKE      dSG      dSF        dH   A    CG   LEv    Time
--------------------------------------------------------------------------
    0  0.9117   43.728  103.668 -143.942    3.4546   N  6747    80    2.19
    1  0.9117    0.850  110.679 -111.028    0.5014   N  7741    80    2.52
    2  0.9117   -6.845  112.971 -104.664    1.4624   N  7234    80    2.35
    3  0.9117   32.632  100.913 -132.772    0.7735   N  7353    80    2.38
    4  0.6879  -15.234  114.586  -99.038    0.3135   Y  6694    80    2.16
    5  0.5572   22.616   66.890  -89.498    0.0083   Y  4796    80    1.56
    6  0.5937  124.502  -18.691 -105.847   -0.0356   Y  5759    80    1.78
    7  0.5862   87.577    3.837  -91.437   -0.0233   Y  7178    80    2.18
    8  0.5626   95.911   12.104 -108.038   -0.0241   Y  7798    80    2.32
    9  0.6522   97.404  -45.873  -51.568   -0.0367   Y  8830    80    2.56

=== Summary over 10 trajectories ===
  Standard MG-HMC (n_steps=20):
    Accept rate:  100.0%
    Avg |dH|:     3.196e-01
    Avg CG iters: 5992
    Avg wall time:1.903s

  MG Multi-timescale (n_outer=20 n_inner=1 n_defl=8):
    Accept rate:  60.0%
    Avg |dH|:     6.634e-01
    Avg CG iters: 7013 (21 outer + 2 H evals)
    Low-mode evals:80 avg/traj
    Avg wall time:2.200s (low=0.016s high=2.083s)

  CG ratio (MS/Std): 1.17x
  Wall speedup: 0.86x
<end of output>
Test time =  41.07 sec
----------------------------------------------------------
Test Passed.
"mg_multiscale_omelyan" end time: Mar 28 14:57 PDT
"mg_multiscale_omelyan" time elapsed: 00:00:41
----------------------------------------------------------

10/29 Testing: mg_multiscale_fgi
10/29 Test: mg_multiscale_fgi
Command: "/Users/deanhowarth/HMC_EVOL/git_repo/build/schwinger" "-L" "16" "--hmc-mg-multiscale" "--hmc-force-gradient" "--mg-levels" "2" "-b" "4" "-k" "4" "--hmc-n-outer" "20" "--hmc-n-inner" "1" "--hmc-n-defl" "8" "--hmc-traj" "10" "--hmc-therm" "10" "-t" "1"
Directory: /Users/deanhowarth/HMC_EVOL/git_repo/build
"mg_multiscale_fgi" start time: Mar 28 14:57 PDT
Output:
----------------------------------------------------------
================================================================
  2D Schwinger Model: MG with EigCG-Inspired Ritz Harvesting
================================================================

Lattice: 16x16  DOF: 512  mass: 0.05  r: 1
Block: 4x4  Null vectors/block: 4
MG levels: 2  cycle: W  coarse_block: 16  refresh: 3
Krylov: 30  maxiter: 300  tol: 1.0e-10
OpenMP threads: 1
Gauge perturbation per step: epsilon = 0.1200  steps: 30  seed: 42
Initial <plaq> = 0.9117

=== MG Multi-Timescale HMC (Coarse-Grid Deflation) ===

L=16  DOF=512  mass=0.0500  beta=2.0000
MG levels=2  block=4  k_null=4
n_outer=20  n_inner=1  total_steps=20  tau=1.0000
n_defl=8  traj=10
Monomials: KE=kinetic  SG=gauge  SF=fermion  dH=total

--- Using cold start (no saved config found) ---
--- Building MG hierarchy ---
  Level 0: dim=512 -> coarse_dim=64
  Sparse coarse: dim=64 (nbx=4 nby=4 k_vec=4)
  Running TRLM for 8 deflation vectors...
  TRLM eigenvalues: 0.0092 0.0103 0.1468 0.1522 0.3074 0.3899 0.4250 0.4543
  Coarsest-level solve: deflated CG (sparse, 8 deflation vectors)
  Coarse dim: 64  n_defl: 8
  Coarse eigenvalues: 9.1764e-03 1.0289e-02 1.4678e-01 1.5225e-01 3.0742e-01 3.8988e-01 4.2499e-01 4.5427e-01 

Outer: FGI (MILC PQPQP, 4th order)  Inner: Leapfrog (gauge+lowmode)

--- Standard HMC (reference) ---
 traj    Plaq      dKE      dSG      dSF        dH   A    CG    Time
--------------------------------------------------------------------
    0  0.7292   10.329   93.418 -103.848   -0.1004   Y  3552    1.14
    1  0.6016   47.801   65.349 -113.659   -0.5092   Y  2759    0.86
    2  0.5763   55.787   12.943  -68.795   -0.0652   Y  3713    1.12
    3  0.6443  120.991  -34.815  -86.596   -0.4199   Y  4507    1.36
    4  0.5999   53.939   22.717  -76.839   -0.1834   Y  4751    1.40
    5  0.5596   68.123   20.626  -88.993   -0.2450   Y  4756    1.37
    6  0.5554  118.022    2.145 -120.728   -0.5606   Y  5065    1.45
    7  0.5438  111.216    5.935 -117.506   -0.3546   Y  5224    1.49
    8  0.5771  109.825  -17.012  -93.184   -0.3710   Y  5274    1.47
    9  0.6427   80.543  -33.610  -47.319   -0.3859   Y  5546    1.55

--- MG Multi-timescale ---
 traj    Plaq      dKE      dSG      dSF        dH   A    CG   LEv    Time
--------------------------------------------------------------------------
    0  0.7158   28.535  100.272 -145.481  -16.6744   Y  9913    80    3.23
    1  0.6743   53.046   21.228  -74.285   -0.0115   Y  8742    80    2.74
    2  0.6175   72.678   29.092 -101.795   -0.0249   Y 10709    80    3.23
    3  0.6768   73.845  -30.339  -43.516   -0.0094   Y 11318    80    3.45
    4  0.6438   81.513   16.904  -98.454   -0.0367   Y 12414    80    3.66
    5  0.6316   59.303    6.204  -65.535   -0.0276   Y 12784    80    3.75
    6  0.5980  137.777   17.244 -155.067   -0.0460   Y 13787    80    3.96
    7  0.5969   68.513    0.545  -69.071   -0.0137   Y 14354    80    4.13
    8  0.5674   71.377   15.095  -86.496   -0.0229   Y 14314    80    4.02
    9  0.5859   80.441   -9.439  -71.026   -0.0242   Y 14299    80    4.04

=== Summary over 10 trajectories ===
  Standard MG-HMC (n_steps=20):
    Accept rate:  100.0%
    Avg |dH|:     3.195e-01
    Avg CG iters: 4514
    Avg wall time:1.320s

  MG Multi-timescale (n_outer=20 n_inner=1 n_defl=8):
    Accept rate:  100.0%
    Avg |dH|:     1.689e+00
    Avg CG iters: 12263 (21 outer + 2 H evals)
    Low-mode evals:80 avg/traj
    Avg wall time:3.620s (low=0.016s high=5.779s)

  CG ratio (MS/Std): 2.72x
  Wall speedup: 0.36x
<end of output>
Test time =  49.45 sec
----------------------------------------------------------
Test Passed.
"mg_multiscale_fgi" end time: Mar 28 14:58 PDT
"mg_multiscale_fgi" time elapsed: 00:00:49
----------------------------------------------------------

11/29 Testing: mg_fgi_clover
11/29 Test: mg_fgi_clover
Command: "/Users/deanhowarth/HMC_EVOL/git_repo/build/schwinger" "-L" "16" "--hmc-mg-multiscale" "--hmc-force-gradient" "--csw" "1.0" "--mg-levels" "2" "-b" "4" "-k" "4" "--hmc-n-outer" "20" "--hmc-n-inner" "1" "--hmc-n-defl" "8" "--hmc-traj" "10" "--hmc-therm" "10" "-t" "1"
Directory: /Users/deanhowarth/HMC_EVOL/git_repo/build
"mg_fgi_clover" start time: Mar 28 14:58 PDT
Output:
----------------------------------------------------------
================================================================
  2D Schwinger Model: MG with EigCG-Inspired Ritz Harvesting
================================================================

Lattice: 16x16  DOF: 512  mass: 0.05  r: 1
Block: 4x4  Null vectors/block: 4
MG levels: 2  cycle: W  coarse_block: 16  refresh: 3
Krylov: 30  maxiter: 300  tol: 1.0e-10
OpenMP threads: 1
Gauge perturbation per step: epsilon = 0.1200  steps: 30  seed: 42
Initial <plaq> = 0.9117

=== MG Multi-Timescale HMC (Coarse-Grid Deflation) ===

L=16  DOF=512  mass=0.0500  beta=2.0000
MG levels=2  block=4  k_null=4
n_outer=20  n_inner=1  total_steps=20  tau=1.0000
n_defl=8  traj=10
Monomials: KE=kinetic  SG=gauge  SF=fermion  dH=total

--- Using cold start (no saved config found) ---
--- Building MG hierarchy ---
  Level 0: dim=512 -> coarse_dim=64
  Sparse coarse: dim=64 (nbx=4 nby=4 k_vec=4)
  Running TRLM for 8 deflation vectors...
  TRLM eigenvalues: 0.0073 0.0083 0.1421 0.1520 0.2985 0.3777 0.4170 0.4502
  Coarsest-level solve: deflated CG (sparse, 8 deflation vectors)
  Coarse dim: 64  n_defl: 8
  Coarse eigenvalues: 7.3449e-03 8.3097e-03 1.4209e-01 1.5201e-01 2.9848e-01 3.7768e-01 4.1700e-01 4.5020e-01 

Outer: FGI (MILC PQPQP, 4th order)  Inner: Leapfrog (gauge+lowmode)

--- Standard HMC (reference) ---
 traj    Plaq      dKE      dSG      dSF        dH   A    CG    Time
--------------------------------------------------------------------
    0  0.7213   18.301   97.462 -116.160   -0.3965   Y  4073    1.38
    1  0.5807   31.079   71.994 -103.412   -0.3392   Y  3345    1.10
    2  0.6161   82.715  -18.152  -64.929   -0.3658   Y  4952    1.57
    3  0.6629  118.082  -23.932  -94.883   -0.7335   Y  6091    1.94
    4  0.6506   82.570    6.306  -88.945   -0.0691   Y  6505    2.03
    5  0.6005   88.972   25.629 -115.148   -0.5480   Y  6780    2.10
    6  0.5901   86.989    5.336  -92.451   -0.1256   Y  6708    2.07
    7  0.5974   98.800   -3.759  -95.951   -0.9106   Y  6717    2.00
    8  0.6168  125.609   -9.925 -115.716   -0.0319   Y  6900    2.08
    9  0.5832   84.688   17.192 -101.931   -0.0506   Y  6900    2.09

--- MG Multi-timescale ---
 traj    Plaq      dKE      dSG      dSF        dH   A    CG   LEv    Time
--------------------------------------------------------------------------
    0  0.6994    5.100  108.673 -158.680  -44.9069   Y 11282    80    3.85
    1  0.6701   52.377   14.996  -67.381   -0.0086   Y 10519    80    3.47
    2  0.6252   74.077   23.001  -97.103   -0.0250   Y 12814    80    4.11
    3  0.6750   62.086  -25.524  -36.575   -0.0137   Y 14236    80    4.56
    4  0.6481   59.168   13.810  -72.990   -0.0122   Y 16365    80    5.12
    5  0.6304   73.917    9.045  -82.987   -0.0242   Y 16364    80    5.06
    6  0.6026  125.415   14.256 -139.710   -0.0378   Y 16441    80    5.09
    7  0.5735   78.887   14.866  -93.780   -0.0268   Y 17605    80    5.26
    8  0.5923  116.478   -9.611 -106.907   -0.0405   Y 18118    80    5.47
    9  0.5952   79.398   -1.469  -77.974   -0.0449   Y 18900    80    5.79

=== Summary over 10 trajectories ===
  Standard MG-HMC (n_steps=20):
    Accept rate:  100.0%
    Avg |dH|:     3.571e-01
    Avg CG iters: 5897
    Avg wall time:1.836s

  MG Multi-timescale (n_outer=20 n_inner=1 n_defl=8):
    Accept rate:  100.0%
    Avg |dH|:     4.514e+00
    Avg CG iters: 15264 (21 outer + 2 H evals)
    Low-mode evals:80 avg/traj
    Avg wall time:4.779s (low=0.017s high=7.638s)

  CG ratio (MS/Std): 2.59x
  Wall speedup: 0.38x
<end of output>
Test time =  66.19 sec
----------------------------------------------------------
Test Passed.
"mg_fgi_clover" end time: Mar 28 14:59 PDT
"mg_fgi_clover" time elapsed: 00:01:06
----------------------------------------------------------

12/29 Testing: mg_fgi_defl_refresh
12/29 Test: mg_fgi_defl_refresh
Command: "/Users/deanhowarth/HMC_EVOL/git_repo/build/schwinger" "-L" "16" "--hmc-mg-multiscale" "--hmc-force-gradient" "--mg-levels" "2" "-b" "4" "-k" "4" "--hmc-n-outer" "5" "--hmc-n-inner" "5" "--hmc-n-defl" "8" "--hmc-defl-refresh" "3" "--hmc-traj" "10" "--hmc-therm" "10" "-t" "1"
Directory: /Users/deanhowarth/HMC_EVOL/git_repo/build
"mg_fgi_defl_refresh" start time: Mar 28 14:59 PDT
Output:
----------------------------------------------------------
================================================================
  2D Schwinger Model: MG with EigCG-Inspired Ritz Harvesting
================================================================

Lattice: 16x16  DOF: 512  mass: 0.05  r: 1
Block: 4x4  Null vectors/block: 4
MG levels: 2  cycle: W  coarse_block: 16  refresh: 3
Krylov: 30  maxiter: 300  tol: 1.0e-10
OpenMP threads: 1
Gauge perturbation per step: epsilon = 0.1200  steps: 30  seed: 42
Initial <plaq> = 0.9117

=== MG Multi-Timescale HMC (Coarse-Grid Deflation) ===

L=16  DOF=512  mass=0.0500  beta=2.0000
MG levels=2  block=4  k_null=4
n_outer=5  n_inner=5  total_steps=25  tau=1.0000
n_defl=8  traj=10
Monomials: KE=kinetic  SG=gauge  SF=fermion  dH=total

--- Using cold start (no saved config found) ---
--- Building MG hierarchy ---
  Level 0: dim=512 -> coarse_dim=64
  Sparse coarse: dim=64 (nbx=4 nby=4 k_vec=4)
  Running TRLM for 8 deflation vectors...
  TRLM eigenvalues: 0.0092 0.0103 0.1468 0.1522 0.3074 0.3899 0.4250 0.4543
  Coarsest-level solve: deflated CG (sparse, 8 deflation vectors)
  Coarse dim: 64  n_defl: 8
  Coarse eigenvalues: 9.1764e-03 1.0289e-02 1.4678e-01 1.5225e-01 3.0742e-01 3.8988e-01 4.2499e-01 4.5427e-01 

Outer: FGI (MILC PQPQP, 4th order)  Inner: Leapfrog (gauge+lowmode)

--- Standard HMC (reference) ---
 traj    Plaq      dKE      dSG      dSF        dH   A    CG    Time
--------------------------------------------------------------------
    0  0.7294   10.330   93.317 -103.723   -0.0765   Y  4311    1.39
    1  0.6018   48.246   65.318 -113.891   -0.3278   Y  8377    2.73
    2  0.5765   55.984   12.949  -68.978   -0.0441   Y  8400    2.82
    3  0.6443  120.952  -34.702  -86.514   -0.2638   Y  5918    1.89
    4  0.6003   54.447   22.527  -77.094   -0.1199   Y  5853    1.74
    5  0.5604   69.904   20.421  -90.488   -0.1635   Y  5971    1.78
    6  0.5584  119.485    1.028 -120.875   -0.3611   Y  6255    1.81
    7  0.5442  111.734    7.266 -119.237   -0.2372   Y  6489    1.89
    8  0.5787  111.265  -17.641  -93.871   -0.2467   Y  6506    1.90
    9  0.6466   81.132  -34.758  -46.622   -0.2480   Y  6734    1.98

--- MG Multi-timescale ---
 traj    Plaq      dKE      dSG      dSF        dH   A    CG   LEv    Time
--------------------------------------------------------------------------
    0  0.9117   40.630  103.737 -142.355    2.0130   N  2819    60    0.95
    1  0.9117    1.979  110.742 -111.710    1.0118   N  3229    60    1.08
    2  0.6912   -6.994  112.885 -104.982    0.9091   Y  3008    60    1.01
    3  0.6565   67.412   17.779  -85.142    0.0485   Y  2466    60    0.82
    4  0.6365   59.907   10.198  -70.234   -0.1288   Y  2845    60    0.88
    5  0.6179  103.833    9.534 -113.235    0.1321   Y  3209    60    0.99
    6  0.6109   74.835    3.587  -78.366    0.0556   Y  3530    60    1.06
    7  0.6135   81.909   -1.350  -80.452    0.1075   Y  3816    60    1.14
    8  0.6135   52.727   27.672  -80.231    0.1685   N  3736    60    1.13
    9  0.6525  102.164  -19.922  -82.143    0.0999   Y  4118    60    1.24

=== Summary over 10 trajectories ===
  Standard MG-HMC (n_steps=25):
    Accept rate:  100.0%
    Avg |dH|:     2.088e-01
    Avg CG iters: 6481
    Avg wall time:1.992s

  MG Multi-timescale (n_outer=5 n_inner=5 n_defl=8):
    Accept rate:  70.0%
    Avg |dH|:     4.675e-01
    Avg CG iters: 3277 (6 outer + 2 H evals)
    Low-mode evals:60 avg/traj
    Avg wall time:1.030s (low=0.012s high=1.441s)

  CG ratio (MS/Std): 0.51x
  Wall speedup: 1.94x
<end of output>
Test time =  30.25 sec
----------------------------------------------------------
Test Passed.
"mg_fgi_defl_refresh" end time: Mar 28 14:59 PDT
"mg_fgi_defl_refresh" time elapsed: 00:00:30
----------------------------------------------------------

13/29 Testing: mg_multiscale_eo
13/29 Test: mg_multiscale_eo
Command: "/Users/deanhowarth/HMC_EVOL/git_repo/build/schwinger" "-L" "16" "--hmc-mg-multiscale" "--even-odd" "--mg-levels" "2" "-b" "4" "-k" "4" "--hmc-n-outer" "20" "--hmc-n-inner" "1" "--hmc-n-defl" "8" "--hmc-traj" "10" "--hmc-therm" "10" "-t" "1"
Directory: /Users/deanhowarth/HMC_EVOL/git_repo/build
"mg_multiscale_eo" start time: Mar 28 14:59 PDT
Output:
----------------------------------------------------------
================================================================
  2D Schwinger Model: MG with EigCG-Inspired Ritz Harvesting
================================================================

Lattice: 16x16  DOF: 512  mass: 0.05  r: 1
Block: 4x4  Null vectors/block: 4
MG levels: 2  cycle: W  coarse_block: 16  refresh: 3
Krylov: 30  maxiter: 300  tol: 1.0e-10
OpenMP threads: 1
Gauge perturbation per step: epsilon = 0.1200  steps: 30  seed: 42
Initial <plaq> = 0.9117

=== MG Multi-Timescale HMC (Coarse-Grid Deflation) ===

L=16  DOF=512  mass=0.0500  beta=2.0000
MG levels=2  block=4  k_null=4
n_outer=20  n_inner=1  total_steps=20  tau=1.0000
n_defl=8  traj=10
Monomials: KE=kinetic  SG=gauge  SF=fermion  dH=total

--- Using cold start (no saved config found) ---
--- Building MG hierarchy ---
  Level 0: dim=512 -> coarse_dim=64
  Sparse coarse: dim=64 (nbx=4 nby=4 k_vec=4)
  Running TRLM for 8 deflation vectors...
  TRLM eigenvalues: 0.0092 0.0103 0.1468 0.1522 0.3074 0.3899 0.4250 0.4543
  Coarsest-level solve: deflated CG (sparse, 8 deflation vectors)
  Coarse dim: 64  n_defl: 8
  Coarse eigenvalues: 9.1764e-03 1.0289e-02 1.4678e-01 1.5225e-01 3.0742e-01 3.8988e-01 4.2499e-01 4.5427e-01 

Outer: Leapfrog  Inner: Leapfrog (gauge+lowmode)

--- Standard HMC (reference) ---
 traj    Plaq      dKE      dSG      dSF        dH   A    CG    Time
--------------------------------------------------------------------
    0  0.7642  -12.228   75.508  -63.034    0.2461   Y  1459    0.02
    1  0.7139   21.486   25.741  -47.334   -0.1062   Y  1504    0.02
    2  0.6101   30.750   53.144  -83.959   -0.0642   Y  1485    0.02
    3  0.6277   45.927   -9.031  -37.131   -0.2347   Y  1416    0.02
    4  0.6169   21.478    5.567  -27.117   -0.0721   Y  1470    0.02
    5  0.5986   26.595    9.343  -36.017   -0.0786   Y  1451    0.02
    6  0.6319    9.154  -17.024    7.877    0.0069   Y  1442    0.02
    7  0.6009   27.516   15.874  -43.580   -0.1906   Y  1440    0.02
    8  0.5975   61.021    1.749  -63.058   -0.2882   Y  1424    0.02
    9  0.5945   39.295    1.488  -40.876   -0.0917   Y  1431    0.02

--- MG Multi-timescale ---
 traj    Plaq      dKE      dSG      dSF        dH   A    CG   LEv    Time
--------------------------------------------------------------------------
    0  0.9117   40.662  103.795 -143.907    0.5501   N  3629    40    1.18
    1  0.9117    0.001  110.974 -110.829    0.1461   N  4092    40    1.33
    2  0.6911   -7.877  112.930 -104.757    0.2962   Y  3838    40    1.24
    3  0.6530   65.098   19.479  -84.787   -0.2106   Y  3113    40    1.01
    4  0.6660   86.953   -6.612  -80.545   -0.2040   Y  3723    40    1.12
    5  0.6079   71.066   29.735 -101.053   -0.2522   Y  4160    40    1.27
    6  0.5925  125.190    7.890 -133.475   -0.3953   Y  4428    40    1.35
    7  0.5815   57.286    5.603  -62.947   -0.0573   Y  4863    40    1.44
    8  0.5907   84.572   -4.674  -80.079   -0.1804   Y  5101    40    1.50
    9  0.6332   96.054  -21.763  -74.634   -0.3426   Y  5437    40    1.55

=== Summary over 10 trajectories ===
  Standard MG-HMC (n_steps=20):
    Accept rate:  100.0%
    Avg |dH|:     1.379e-01
    Avg CG iters: 1452
    Avg wall time:0.022s

  MG Multi-timescale (n_outer=20 n_inner=1 n_defl=8):
    Accept rate:  80.0%
    Avg |dH|:     2.635e-01
    Avg CG iters: 4238 (21 outer + 2 H evals)
    Low-mode evals:40 avg/traj
    Avg wall time:1.297s (low=0.008s high=1.178s)

  CG ratio (MS/Std): 2.92x
  Wall speedup: 0.02x
<end of output>
Test time =  13.23 sec
----------------------------------------------------------
Test Passed.
"mg_multiscale_eo" end time: Mar 28 15:00 PDT
"mg_multiscale_eo" time elapsed: 00:00:13
----------------------------------------------------------

14/29 Testing: mg_fgi_eo
14/29 Test: mg_fgi_eo
Command: "/Users/deanhowarth/HMC_EVOL/git_repo/build/schwinger" "-L" "16" "--hmc-mg-multiscale" "--hmc-force-gradient" "--even-odd" "--mg-levels" "2" "-b" "4" "-k" "4" "--hmc-n-outer" "20" "--hmc-n-inner" "1" "--hmc-n-defl" "8" "--hmc-traj" "10" "--hmc-therm" "10" "-t" "1"
Directory: /Users/deanhowarth/HMC_EVOL/git_repo/build
"mg_fgi_eo" start time: Mar 28 15:00 PDT
Output:
----------------------------------------------------------
================================================================
  2D Schwinger Model: MG with EigCG-Inspired Ritz Harvesting
================================================================

Lattice: 16x16  DOF: 512  mass: 0.05  r: 1
Block: 4x4  Null vectors/block: 4
MG levels: 2  cycle: W  coarse_block: 16  refresh: 3
Krylov: 30  maxiter: 300  tol: 1.0e-10
OpenMP threads: 1
Gauge perturbation per step: epsilon = 0.1200  steps: 30  seed: 42
Initial <plaq> = 0.9117

=== MG Multi-Timescale HMC (Coarse-Grid Deflation) ===

L=16  DOF=512  mass=0.0500  beta=2.0000
MG levels=2  block=4  k_null=4
n_outer=20  n_inner=1  total_steps=20  tau=1.0000
n_defl=8  traj=10
Monomials: KE=kinetic  SG=gauge  SF=fermion  dH=total

--- Using cold start (no saved config found) ---
--- Building MG hierarchy ---
  Level 0: dim=512 -> coarse_dim=64
  Sparse coarse: dim=64 (nbx=4 nby=4 k_vec=4)
  Running TRLM for 8 deflation vectors...
  TRLM eigenvalues: 0.0092 0.0103 0.1468 0.1522 0.3074 0.3899 0.4250 0.4543
  Coarsest-level solve: deflated CG (sparse, 8 deflation vectors)
  Coarse dim: 64  n_defl: 8
  Coarse eigenvalues: 9.1764e-03 1.0289e-02 1.4678e-01 1.5225e-01 3.0742e-01 3.8988e-01 4.2499e-01 4.5427e-01 

Outer: FGI (MILC PQPQP, 4th order)  Inner: Leapfrog (gauge+lowmode)

--- Standard HMC (reference) ---
 traj    Plaq      dKE      dSG      dSF        dH   A    CG    Time
--------------------------------------------------------------------
    0  0.7642  -12.228   75.508  -63.034    0.2461   Y  1459    0.02
    1  0.7139   21.486   25.741  -47.334   -0.1062   Y  1504    0.02
    2  0.6101   30.750   53.144  -83.959   -0.0642   Y  1485    0.02
    3  0.6277   45.927   -9.031  -37.131   -0.2347   Y  1416    0.02
    4  0.6169   21.478    5.567  -27.117   -0.0721   Y  1470    0.02
    5  0.5986   26.595    9.343  -36.017   -0.0786   Y  1451    0.02
    6  0.6319    9.154  -17.024    7.877    0.0069   Y  1442    0.02
    7  0.6009   27.516   15.874  -43.580   -0.1906   Y  1440    0.02
    8  0.5975   61.021    1.749  -63.058   -0.2882   Y  1424    0.02
    9  0.5945   39.295    1.488  -40.876   -0.0917   Y  1431    0.02

--- MG Multi-timescale ---
 traj    Plaq      dKE      dSG      dSF        dH   A    CG   LEv    Time
--------------------------------------------------------------------------
    0  0.7158   28.535  100.272 -145.481  -16.6744   Y  9913    80    3.24
    1  0.6743   53.046   21.228  -74.285   -0.0115   Y  8742    80    2.75
    2  0.6175   72.678   29.092 -101.795   -0.0249   Y 10709    80    3.23
    3  0.6768   73.845  -30.339  -43.516   -0.0094   Y 11318    80    3.43
    4  0.6438   81.513   16.904  -98.454   -0.0367   Y 12414    80    3.66
    5  0.6316   59.303    6.204  -65.535   -0.0276   Y 12784    80    3.71
    6  0.5980  137.777   17.244 -155.067   -0.0460   Y 13787    80    3.97
    7  0.5969   68.513    0.545  -69.071   -0.0137   Y 14354    80    4.12
    8  0.5674   71.377   15.095  -86.496   -0.0229   Y 14314    80    4.03
    9  0.5859   80.441   -9.439  -71.026   -0.0242   Y 14299    80    4.04

=== Summary over 10 trajectories ===
  Standard MG-HMC (n_steps=20):
    Accept rate:  100.0%
    Avg |dH|:     1.379e-01
    Avg CG iters: 1452
    Avg wall time:0.022s

  MG Multi-timescale (n_outer=20 n_inner=1 n_defl=8):
    Accept rate:  100.0%
    Avg |dH|:     1.689e+00
    Avg CG iters: 12263 (21 outer + 2 H evals)
    Low-mode evals:80 avg/traj
    Avg wall time:3.619s (low=0.016s high=5.777s)

  CG ratio (MS/Std): 8.44x
  Wall speedup: 0.01x
<end of output>
Test time =  36.45 sec
----------------------------------------------------------
Test Passed.
"mg_fgi_eo" end time: Mar 28 15:00 PDT
"mg_fgi_eo" time elapsed: 00:00:36
----------------------------------------------------------

15/29 Testing: revtest_wilson
15/29 Test: revtest_wilson
Command: "/Users/deanhowarth/HMC_EVOL/git_repo/build/schwinger" "-L" "16" "--hmc-mg-multiscale" "--hmc-revtest" "--mg-levels" "2" "-b" "4" "-k" "4" "--hmc-n-outer" "5" "--hmc-n-inner" "3" "--hmc-n-defl" "8" "-t" "1"
Directory: /Users/deanhowarth/HMC_EVOL/git_repo/build
"revtest_wilson" start time: Mar 28 15:00 PDT
Output:
----------------------------------------------------------
================================================================
  2D Schwinger Model: MG with EigCG-Inspired Ritz Harvesting
================================================================

Lattice: 16x16  DOF: 512  mass: 0.05  r: 1
Block: 4x4  Null vectors/block: 4
MG levels: 2  cycle: W  coarse_block: 16  refresh: 3
Krylov: 30  maxiter: 300  tol: 1.0e-10
OpenMP threads: 1
Gauge perturbation per step: epsilon = 0.1200  steps: 30  seed: 42
Initial <plaq> = 0.9117

=== MG Multi-Timescale HMC (Coarse-Grid Deflation) ===

L=16  DOF=512  mass=0.0500  beta=2.0000
MG levels=2  block=4  k_null=4
n_outer=5  n_inner=3  total_steps=15  tau=1.0000
n_defl=8  traj=100
Monomials: KE=kinetic  SG=gauge  SF=fermion  dH=total

--- Using cold start (no saved config found) ---
--- Building MG hierarchy ---
  Level 0: dim=512 -> coarse_dim=64
  Sparse coarse: dim=64 (nbx=4 nby=4 k_vec=4)
  Running TRLM for 8 deflation vectors...
  TRLM eigenvalues: 0.0092 0.0103 0.1468 0.1522 0.3074 0.3899 0.4250 0.4543
  Coarsest-level solve: deflated CG (sparse, 8 deflation vectors)
  Coarse dim: 64  n_defl: 8
  Coarse eigenvalues: 9.1764e-03 1.0289e-02 1.4678e-01 1.5225e-01 3.0742e-01 3.8988e-01 4.2499e-01 4.5427e-01 

Outer: Leapfrog  Inner: Leapfrog (gauge+lowmode)

--- Reversibility Test ---
  Running forward → negate π → backward for each integrator...

     Integrator  ||dU||/||U||  ||dp||/||p||      dH_fwd      dH_bwd    dH_fwd+bwd      CG
       Leapfrog     2.375e-14     6.637e-14  1.6786e+04 -1.6786e+04    -3.638e-12    1234
        Omelyan     1.224e-15     3.763e-15  2.2252e+02 -2.2252e+02     1.137e-12    1589
     FGI (MILC)     1.456e-15     2.963e-15  1.5507e+02 -1.5507e+02    -1.137e-12    2320

  A time-reversible integrator should give:
    ||dU||/||U|| ~ 1e-15 (machine epsilon)
    ||dp||/||p|| ~ 1e-15 (machine epsilon)
    dH_fwd + dH_bwd ~ 0 (exact cancellation)

<end of output>
Test time =   1.72 sec
----------------------------------------------------------
Test Passed.
"revtest_wilson" end time: Mar 28 15:00 PDT
"revtest_wilson" time elapsed: 00:00:01
----------------------------------------------------------

16/29 Testing: revtest_clover
16/29 Test: revtest_clover
Command: "/Users/deanhowarth/HMC_EVOL/git_repo/build/schwinger" "-L" "16" "--hmc-mg-multiscale" "--hmc-revtest" "--csw" "1.0" "--mg-levels" "2" "-b" "4" "-k" "4" "--hmc-n-outer" "5" "--hmc-n-inner" "3" "--hmc-n-defl" "8" "-t" "1"
Directory: /Users/deanhowarth/HMC_EVOL/git_repo/build
"revtest_clover" start time: Mar 28 15:00 PDT
Output:
----------------------------------------------------------
================================================================
  2D Schwinger Model: MG with EigCG-Inspired Ritz Harvesting
================================================================

Lattice: 16x16  DOF: 512  mass: 0.05  r: 1
Block: 4x4  Null vectors/block: 4
MG levels: 2  cycle: W  coarse_block: 16  refresh: 3
Krylov: 30  maxiter: 300  tol: 1.0e-10
OpenMP threads: 1
Gauge perturbation per step: epsilon = 0.1200  steps: 30  seed: 42
Initial <plaq> = 0.9117

=== MG Multi-Timescale HMC (Coarse-Grid Deflation) ===

L=16  DOF=512  mass=0.0500  beta=2.0000
MG levels=2  block=4  k_null=4
n_outer=5  n_inner=3  total_steps=15  tau=1.0000
n_defl=8  traj=100
Monomials: KE=kinetic  SG=gauge  SF=fermion  dH=total

--- Using cold start (no saved config found) ---
--- Building MG hierarchy ---
  Level 0: dim=512 -> coarse_dim=64
  Sparse coarse: dim=64 (nbx=4 nby=4 k_vec=4)
  Running TRLM for 8 deflation vectors...
  TRLM eigenvalues: 0.0073 0.0083 0.1421 0.1520 0.2985 0.3777 0.4170 0.4502
  Coarsest-level solve: deflated CG (sparse, 8 deflation vectors)
  Coarse dim: 64  n_defl: 8
  Coarse eigenvalues: 7.3449e-03 8.3097e-03 1.4209e-01 1.5201e-01 2.9848e-01 3.7768e-01 4.1700e-01 4.5020e-01 

Outer: Leapfrog  Inner: Leapfrog (gauge+lowmode)

--- Reversibility Test ---
  Running forward → negate π → backward for each integrator...

     Integrator  ||dU||/||U||  ||dp||/||p||      dH_fwd      dH_bwd    dH_fwd+bwd      CG
       Leapfrog     1.410e-12     6.077e-12  2.6251e+05 -2.6251e+05     7.567e-10    1770
        Omelyan     7.808e-15     7.385e-14  2.0925e+03 -2.0925e+03    -6.366e-12    2437
     FGI (MILC)     1.152e-12     3.110e-12  5.6833e+02 -5.6833e+02     1.805e-10    3251

  A time-reversible integrator should give:
    ||dU||/||U|| ~ 1e-15 (machine epsilon)
    ||dp||/||p|| ~ 1e-15 (machine epsilon)
    dH_fwd + dH_bwd ~ 0 (exact cancellation)

<end of output>
Test time =   2.58 sec
----------------------------------------------------------
Test Passed.
"revtest_clover" end time: Mar 28 15:00 PDT
"revtest_clover" time elapsed: 00:00:02
----------------------------------------------------------

17/29 Testing: force_wilson
17/29 Test: force_wilson
Command: "/Users/deanhowarth/HMC_EVOL/git_repo/build/schwinger" "-L" "8" "--verify-forces" "--hmc-beta" "2.0" "-t" "1"
Directory: /Users/deanhowarth/HMC_EVOL/git_repo/build
"force_wilson" start time: Mar 28 15:00 PDT
Output:
----------------------------------------------------------
================================================================
  2D Schwinger Model: MG with EigCG-Inspired Ritz Harvesting
================================================================

Lattice: 8x8  DOF: 128  mass: 0.05  r: 1
Block: 4x4  Null vectors/block: 4
MG levels: 1  cycle: V
Krylov: 30  maxiter: 300  tol: 1.0e-10
OpenMP threads: 1
Gauge perturbation per step: epsilon = 0.1200  steps: 30  seed: 42
Initial <plaq> = 0.9167

=== Force Verification Mode ===
c_sw=0.0000  mu_t=0.0000  even-odd=no  beta=2.0000


=== Force Verification (Full, c_sw=0.0000, mu_t=0.0000) ===
  link(0,  0): gf_ana=     -0.4975 gf_num=     -0.4975 | ff_ana=    -11.7449 ff_num=    -11.7449
  link(1,  7): gf_ana=      1.0196 gf_num=      1.0196 | ff_ana=    -14.7160 ff_num=    -14.7160
  link(0, 27): gf_ana=     -0.9913 gf_num=     -0.9913 | ff_ana=     -0.2546 ff_num=     -0.2546
  link(1, 34): gf_ana=     -0.4426 gf_num=     -0.4426 | ff_ana=      0.3845 ff_num=      0.3845
  link(0, 54): gf_ana=      0.4710 gf_num=      0.4710 | ff_ana=      6.0731 ff_num=      6.0731
  link(1, 61): gf_ana=      1.7299 gf_num=      1.7299 | ff_ana=     10.0392 ff_num=     10.0392
  link(0, 17): gf_ana=      2.9929 gf_num=      2.9929 | ff_ana=      0.7731 ff_num=      0.7731
  link(1, 24): gf_ana=     -0.6182 gf_num=     -0.6182 | ff_ana=      6.1429 ff_num=      6.1429
  link(0, 44): gf_ana=     -0.0427 gf_num=     -0.0427 | ff_ana=      1.4203 ff_num=      1.4203
  link(1, 51): gf_ana=     -1.3392 gf_num=     -1.3392 | ff_ana=     15.6966 ff_num=     15.6966
  link(0,  7): gf_ana=      0.6552 gf_num=      0.6552 | ff_ana=      6.6494 ff_num=      6.6494
  link(1, 14): gf_ana=      0.9561 gf_num=      0.9561 | ff_ana=      4.5037 ff_num=      4.5037
  link(0, 34): gf_ana=     -0.7241 gf_num=     -0.7241 | ff_ana=     -8.8518 ff_num=     -8.8518
  link(1, 41): gf_ana=      0.3228 gf_num=      0.3228 | ff_ana=      4.3309 ff_num=      4.3309
  link(0, 61): gf_ana=      0.0784 gf_num=      0.0784 | ff_ana=     -6.3290 ff_num=     -6.3290
  link(1,  4): gf_ana=      0.3003 gf_num=      0.3003 | ff_ana=      9.5819 ff_num=      9.5819
  link(0, 24): gf_ana=      0.3538 gf_num=      0.3538 | ff_ana=      5.7193 ff_num=      5.7193
  link(1, 31): gf_ana=      0.1009 gf_num=      0.1009 | ff_ana=      0.7033 ff_num=      0.7033
  link(0, 51): gf_ana=      2.0065 gf_num=      2.0065 | ff_ana=     -3.7403 ff_num=     -3.7403
  link(1, 58): gf_ana=     -2.0135 gf_num=     -2.0135 | ff_ana=      9.1766 ff_num=      9.1766
Gauge force:   max_err=8.6887e-10 rel=2.9031e-10 PASS
Fermion force: max_err=1.8166e-08 rel=1.1573e-09 PASS
<end of output>
Test time =   0.02 sec
----------------------------------------------------------
Test Passed.
"force_wilson" end time: Mar 28 15:00 PDT
"force_wilson" time elapsed: 00:00:00
----------------------------------------------------------

18/29 Testing: force_clover
18/29 Test: force_clover
Command: "/Users/deanhowarth/HMC_EVOL/git_repo/build/schwinger" "-L" "8" "--verify-forces" "--csw" "1.0" "--hmc-beta" "2.0" "-t" "1"
Directory: /Users/deanhowarth/HMC_EVOL/git_repo/build
"force_clover" start time: Mar 28 15:00 PDT
Output:
----------------------------------------------------------
================================================================
  2D Schwinger Model: MG with EigCG-Inspired Ritz Harvesting
================================================================

Lattice: 8x8  DOF: 128  mass: 0.05  r: 1
Block: 4x4  Null vectors/block: 4
MG levels: 1  cycle: V
Krylov: 30  maxiter: 300  tol: 1.0e-10
OpenMP threads: 1
Gauge perturbation per step: epsilon = 0.1200  steps: 30  seed: 42
Initial <plaq> = 0.9167

=== Force Verification Mode ===
c_sw=1.0000  mu_t=0.0000  even-odd=no  beta=2.0000


=== Force Verification (Full, c_sw=1.0000, mu_t=0.0000) ===
  link(0,  0): gf_ana=     -0.4975 gf_num=     -0.4975 | ff_ana=    -19.0719 ff_num=    -19.0719
  link(1,  7): gf_ana=      1.0196 gf_num=      1.0196 | ff_ana=    -17.0943 ff_num=    -17.0943
  link(0, 27): gf_ana=     -0.9913 gf_num=     -0.9913 | ff_ana=      0.0505 ff_num=      0.0505
  link(1, 34): gf_ana=     -0.4426 gf_num=     -0.4426 | ff_ana=     -0.7079 ff_num=     -0.7079
  link(0, 54): gf_ana=      0.4710 gf_num=      0.4710 | ff_ana=      6.3271 ff_num=      6.3271
  link(1, 61): gf_ana=      1.7299 gf_num=      1.7299 | ff_ana=     10.7073 ff_num=     10.7073
  link(0, 17): gf_ana=      2.9929 gf_num=      2.9929 | ff_ana=      1.1394 ff_num=      1.1394
  link(1, 24): gf_ana=     -0.6182 gf_num=     -0.6182 | ff_ana=      6.5285 ff_num=      6.5285
  link(0, 44): gf_ana=     -0.0427 gf_num=     -0.0427 | ff_ana=      4.6240 ff_num=      4.6240
  link(1, 51): gf_ana=     -1.3392 gf_num=     -1.3392 | ff_ana=     17.7171 ff_num=     17.7171
  link(0,  7): gf_ana=      0.6552 gf_num=      0.6552 | ff_ana=      3.1682 ff_num=      3.1682
  link(1, 14): gf_ana=      0.9561 gf_num=      0.9561 | ff_ana=      6.4749 ff_num=      6.4749
  link(0, 34): gf_ana=     -0.7241 gf_num=     -0.7241 | ff_ana=     -7.2394 ff_num=     -7.2394
  link(1, 41): gf_ana=      0.3228 gf_num=      0.3228 | ff_ana=      7.7985 ff_num=      7.7985
  link(0, 61): gf_ana=      0.0784 gf_num=      0.0784 | ff_ana=     -8.1950 ff_num=     -8.1950
  link(1,  4): gf_ana=      0.3003 gf_num=      0.3003 | ff_ana=     12.7101 ff_num=     12.7101
  link(0, 24): gf_ana=      0.3538 gf_num=      0.3538 | ff_ana=      6.1279 ff_num=      6.1279
  link(1, 31): gf_ana=      0.1009 gf_num=      0.1009 | ff_ana=     -0.9130 ff_num=     -0.9130
  link(0, 51): gf_ana=      2.0065 gf_num=      2.0065 | ff_ana=     -6.0426 ff_num=     -6.0426
  link(1, 58): gf_ana=     -2.0135 gf_num=     -2.0135 | ff_ana=     12.9427 ff_num=     12.9427
Gauge force:   max_err=8.6887e-10 rel=2.9031e-10 PASS
Fermion force: max_err=6.6724e-08 rel=3.4985e-09 PASS
<end of output>
Test time =   0.02 sec
----------------------------------------------------------
Test Passed.
"force_clover" end time: Mar 28 15:00 PDT
"force_clover" time elapsed: 00:00:00
----------------------------------------------------------

19/29 Testing: force_wilson_eo
19/29 Test: force_wilson_eo
Command: "/Users/deanhowarth/HMC_EVOL/git_repo/build/schwinger" "-L" "8" "--verify-forces" "--even-odd" "--hmc-beta" "2.0" "-t" "1"
Directory: /Users/deanhowarth/HMC_EVOL/git_repo/build
"force_wilson_eo" start time: Mar 28 15:00 PDT
Output:
----------------------------------------------------------
================================================================
  2D Schwinger Model: MG with EigCG-Inspired Ritz Harvesting
================================================================

Lattice: 8x8  DOF: 128  mass: 0.05  r: 1
Block: 4x4  Null vectors/block: 4
MG levels: 1  cycle: V
Krylov: 30  maxiter: 300  tol: 1.0e-10
OpenMP threads: 1
Gauge perturbation per step: epsilon = 0.1200  steps: 30  seed: 42
Initial <plaq> = 0.9167

=== Force Verification Mode ===
c_sw=0.0000  mu_t=0.0000  even-odd=yes  beta=2.0000


=== Force Verification (E/O, c_sw=0.0000, mu_t=0.0000) ===
  link(0,  0): gf_ana=     -0.4975 gf_num=     -0.4975 | ff_ana=     -2.4165 ff_num=     -2.4165
  link(1,  7): gf_ana=      1.0196 gf_num=      1.0196 | ff_ana=     -7.4501 ff_num=     -7.4501
  link(0, 27): gf_ana=     -0.9913 gf_num=     -0.9913 | ff_ana=     -4.3775 ff_num=     -4.3775
  link(1, 34): gf_ana=     -0.4426 gf_num=     -0.4426 | ff_ana=     -3.4063 ff_num=     -3.4063
  link(0, 54): gf_ana=      0.4710 gf_num=      0.4710 | ff_ana=     -2.5529 ff_num=     -2.5529
  link(1, 61): gf_ana=      1.7299 gf_num=      1.7299 | ff_ana=     -1.8454 ff_num=     -1.8454
  link(0, 17): gf_ana=      2.9929 gf_num=      2.9929 | ff_ana=      0.8453 ff_num=      0.8453
  link(1, 24): gf_ana=     -0.6182 gf_num=     -0.6182 | ff_ana=     -1.8929 ff_num=     -1.8929
  link(0, 44): gf_ana=     -0.0427 gf_num=     -0.0427 | ff_ana=      8.1038 ff_num=      8.1038
  link(1, 51): gf_ana=     -1.3392 gf_num=     -1.3392 | ff_ana=      4.7816 ff_num=      4.7816
  link(0,  7): gf_ana=      0.6552 gf_num=      0.6552 | ff_ana=     -0.9824 ff_num=     -0.9824
  link(1, 14): gf_ana=      0.9561 gf_num=      0.9561 | ff_ana=    -12.8338 ff_num=    -12.8338
  link(0, 34): gf_ana=     -0.7241 gf_num=     -0.7241 | ff_ana=     -4.8174 ff_num=     -4.8174
  link(1, 41): gf_ana=      0.3228 gf_num=      0.3228 | ff_ana=      6.8892 ff_num=      6.8892
  link(0, 61): gf_ana=      0.0784 gf_num=      0.0784 | ff_ana=     -5.9559 ff_num=     -5.9559
  link(1,  4): gf_ana=      0.3003 gf_num=      0.3003 | ff_ana=      1.5580 ff_num=      1.5580
  link(0, 24): gf_ana=      0.3538 gf_num=      0.3538 | ff_ana=     -0.6984 ff_num=     -0.6984
  link(1, 31): gf_ana=      0.1009 gf_num=      0.1009 | ff_ana=     -2.7117 ff_num=     -2.7117
  link(0, 51): gf_ana=      2.0065 gf_num=      2.0065 | ff_ana=      6.4025 ff_num=      6.4025
  link(1, 58): gf_ana=     -2.0135 gf_num=     -2.0135 | ff_ana=      0.1975 ff_num=      0.1975
Gauge force:   max_err=8.6887e-10 rel=2.9031e-10 PASS
Fermion force: max_err=4.9972e-09 rel=3.8938e-10 PASS
<end of output>
Test time =   0.01 sec
----------------------------------------------------------
Test Passed.
"force_wilson_eo" end time: Mar 28 15:00 PDT
"force_wilson_eo" time elapsed: 00:00:00
----------------------------------------------------------

20/29 Testing: force_clover_eo
20/29 Test: force_clover_eo
Command: "/Users/deanhowarth/HMC_EVOL/git_repo/build/schwinger" "-L" "8" "--verify-forces" "--even-odd" "--csw" "1.0" "--hmc-beta" "2.0" "-t" "1"
Directory: /Users/deanhowarth/HMC_EVOL/git_repo/build
"force_clover_eo" start time: Mar 28 15:00 PDT
Output:
----------------------------------------------------------
================================================================
  2D Schwinger Model: MG with EigCG-Inspired Ritz Harvesting
================================================================

Lattice: 8x8  DOF: 128  mass: 0.05  r: 1
Block: 4x4  Null vectors/block: 4
MG levels: 1  cycle: V
Krylov: 30  maxiter: 300  tol: 1.0e-10
OpenMP threads: 1
Gauge perturbation per step: epsilon = 0.1200  steps: 30  seed: 42
Initial <plaq> = 0.9167

=== Force Verification Mode ===
c_sw=1.0000  mu_t=0.0000  even-odd=yes  beta=2.0000


=== Force Verification (E/O, c_sw=1.0000, mu_t=0.0000) ===
  link(0,  0): gf_ana=     -0.4975 gf_num=     -0.4975 | ff_ana=     -4.2057 ff_num=     -4.2057
  link(1,  7): gf_ana=      1.0196 gf_num=      1.0196 | ff_ana=     -5.9179 ff_num=     -5.9179
  link(0, 27): gf_ana=     -0.9913 gf_num=     -0.9913 | ff_ana=     -4.3064 ff_num=     -4.3064
  link(1, 34): gf_ana=     -0.4426 gf_num=     -0.4426 | ff_ana=     -2.8715 ff_num=     -2.8715
  link(0, 54): gf_ana=      0.4710 gf_num=      0.4710 | ff_ana=     -1.8780 ff_num=     -1.8780
  link(1, 61): gf_ana=      1.7299 gf_num=      1.7299 | ff_ana=     -5.0742 ff_num=     -5.0742
  link(0, 17): gf_ana=      2.9929 gf_num=      2.9929 | ff_ana=      0.1311 ff_num=      0.1311
  link(1, 24): gf_ana=     -0.6182 gf_num=     -0.6182 | ff_ana=     -0.0158 ff_num=     -0.0158
  link(0, 44): gf_ana=     -0.0427 gf_num=     -0.0427 | ff_ana=      7.9574 ff_num=      7.9574
  link(1, 51): gf_ana=     -1.3392 gf_num=     -1.3392 | ff_ana=      7.3722 ff_num=      7.3722
  link(0,  7): gf_ana=      0.6552 gf_num=      0.6552 | ff_ana=     -4.1736 ff_num=     -4.1736
  link(1, 14): gf_ana=      0.9561 gf_num=      0.9561 | ff_ana=    -12.6246 ff_num=    -12.6246
  link(0, 34): gf_ana=     -0.7241 gf_num=     -0.7241 | ff_ana=     -4.1051 ff_num=     -4.1051
  link(1, 41): gf_ana=      0.3228 gf_num=      0.3228 | ff_ana=      7.1872 ff_num=      7.1872
  link(0, 61): gf_ana=      0.0784 gf_num=      0.0784 | ff_ana=     -5.5998 ff_num=     -5.5998
  link(1,  4): gf_ana=      0.3003 gf_num=      0.3003 | ff_ana=      1.4649 ff_num=      1.4649
  link(0, 24): gf_ana=      0.3538 gf_num=      0.3538 | ff_ana=      0.3694 ff_num=      0.3694
  link(1, 31): gf_ana=      0.1009 gf_num=      0.1009 | ff_ana=     -4.2516 ff_num=     -4.2516
  link(0, 51): gf_ana=      2.0065 gf_num=      2.0065 | ff_ana=      4.1230 ff_num=      4.1230
  link(1, 58): gf_ana=     -2.0135 gf_num=     -2.0135 | ff_ana=      0.9556 ff_num=      0.9556
Gauge force:   max_err=8.6887e-10 rel=2.9031e-10 PASS
Fermion force: max_err=4.5191e-09 rel=3.5796e-10 PASS
<end of output>
Test time =   0.01 sec
----------------------------------------------------------
Test Passed.
"force_clover_eo" end time: Mar 28 15:00 PDT
"force_clover_eo" time elapsed: 00:00:00
----------------------------------------------------------

21/29 Testing: force_tm
21/29 Test: force_tm
Command: "/Users/deanhowarth/HMC_EVOL/git_repo/build/schwinger" "-L" "8" "--verify-forces" "--mu-t" "0.1" "--hmc-beta" "2.0" "-t" "1"
Directory: /Users/deanhowarth/HMC_EVOL/git_repo/build
"force_tm" start time: Mar 28 15:00 PDT
Output:
----------------------------------------------------------
================================================================
  2D Schwinger Model: MG with EigCG-Inspired Ritz Harvesting
================================================================

Lattice: 8x8  DOF: 128  mass: 0.05  r: 1
Block: 4x4  Null vectors/block: 4
MG levels: 1  cycle: V
Krylov: 30  maxiter: 300  tol: 1.0e-10
OpenMP threads: 1
Gauge perturbation per step: epsilon = 0.1200  steps: 30  seed: 42
Initial <plaq> = 0.9167

=== Force Verification Mode ===
c_sw=0.0000  mu_t=0.1000  even-odd=no  beta=2.0000


=== Force Verification (Full, c_sw=0.0000, mu_t=0.1000) ===
  link(0,  0): gf_ana=     -0.4975 gf_num=     -0.4975 | ff_ana=     -3.8590 ff_num=     -3.8590
  link(1,  7): gf_ana=      1.0196 gf_num=      1.0196 | ff_ana=     -3.9960 ff_num=     -3.9960
  link(0, 27): gf_ana=     -0.9913 gf_num=     -0.9913 | ff_ana=      3.8004 ff_num=      3.8004
  link(1, 34): gf_ana=     -0.4426 gf_num=     -0.4426 | ff_ana=      2.1652 ff_num=      2.1652
  link(0, 54): gf_ana=      0.4710 gf_num=      0.4710 | ff_ana=      0.7154 ff_num=      0.7154
  link(1, 61): gf_ana=      1.7299 gf_num=      1.7299 | ff_ana=      5.5333 ff_num=      5.5333
  link(0, 17): gf_ana=      2.9929 gf_num=      2.9929 | ff_ana=      0.6825 ff_num=      0.6825
  link(1, 24): gf_ana=     -0.6182 gf_num=     -0.6182 | ff_ana=      2.3887 ff_num=      2.3887
  link(0, 44): gf_ana=     -0.0427 gf_num=     -0.0427 | ff_ana=     -0.5027 ff_num=     -0.5027
  link(1, 51): gf_ana=     -1.3392 gf_num=     -1.3392 | ff_ana=      6.4025 ff_num=      6.4025
  link(0,  7): gf_ana=      0.6552 gf_num=      0.6552 | ff_ana=      8.2150 ff_num=      8.2150
  link(1, 14): gf_ana=      0.9561 gf_num=      0.9561 | ff_ana=      4.9797 ff_num=      4.9797
  link(0, 34): gf_ana=     -0.7241 gf_num=     -0.7241 | ff_ana=     -0.9879 ff_num=     -0.9879
  link(1, 41): gf_ana=      0.3228 gf_num=      0.3228 | ff_ana=      2.3845 ff_num=      2.3845
  link(0, 61): gf_ana=      0.0784 gf_num=      0.0784 | ff_ana=    -10.2645 ff_num=    -10.2645
  link(1,  4): gf_ana=      0.3003 gf_num=      0.3003 | ff_ana=      9.7297 ff_num=      9.7297
  link(0, 24): gf_ana=      0.3538 gf_num=      0.3538 | ff_ana=      1.9726 ff_num=      1.9726
  link(1, 31): gf_ana=      0.1009 gf_num=      0.1009 | ff_ana=     -1.6169 ff_num=     -1.6169
  link(0, 51): gf_ana=      2.0065 gf_num=      2.0065 | ff_ana=     -7.2990 ff_num=     -7.2990
  link(1, 58): gf_ana=     -2.0135 gf_num=     -2.0135 | ff_ana=      3.5700 ff_num=      3.5700
Gauge force:   max_err=8.6887e-10 rel=2.9031e-10 PASS
Fermion force: max_err=1.7361e-06 rel=1.6914e-07 PASS
<end of output>
Test time =   0.02 sec
----------------------------------------------------------
Test Passed.
"force_tm" end time: Mar 28 15:00 PDT
"force_tm" time elapsed: 00:00:00
----------------------------------------------------------

22/29 Testing: force_tm_eo
22/29 Test: force_tm_eo
Command: "/Users/deanhowarth/HMC_EVOL/git_repo/build/schwinger" "-L" "8" "--verify-forces" "--mu-t" "0.1" "--even-odd" "--hmc-beta" "2.0" "-t" "1"
Directory: /Users/deanhowarth/HMC_EVOL/git_repo/build
"force_tm_eo" start time: Mar 28 15:00 PDT
Output:
----------------------------------------------------------
================================================================
  2D Schwinger Model: MG with EigCG-Inspired Ritz Harvesting
================================================================

Lattice: 8x8  DOF: 128  mass: 0.05  r: 1
Block: 4x4  Null vectors/block: 4
MG levels: 1  cycle: V
Krylov: 30  maxiter: 300  tol: 1.0e-10
OpenMP threads: 1
Gauge perturbation per step: epsilon = 0.1200  steps: 30  seed: 42
Initial <plaq> = 0.9167

=== Force Verification Mode ===
c_sw=0.0000  mu_t=0.1000  even-odd=yes  beta=2.0000


=== Force Verification (E/O, c_sw=0.0000, mu_t=0.1000) ===
  link(0,  0): gf_ana=     -0.4975 gf_num=     -0.4975 | ff_ana=      4.0071 ff_num=      4.0071
  link(1,  7): gf_ana=      1.0196 gf_num=      1.0196 | ff_ana=     -6.1250 ff_num=     -6.1250
  link(0, 27): gf_ana=     -0.9913 gf_num=     -0.9913 | ff_ana=      3.1497 ff_num=      3.1497
  link(1, 34): gf_ana=     -0.4426 gf_num=     -0.4426 | ff_ana=     -2.5807 ff_num=     -2.5807
  link(0, 54): gf_ana=      0.4710 gf_num=      0.4710 | ff_ana=      3.0694 ff_num=      3.0694
  link(1, 61): gf_ana=      1.7299 gf_num=      1.7299 | ff_ana=     -0.0349 ff_num=     -0.0349
  link(0, 17): gf_ana=      2.9929 gf_num=      2.9929 | ff_ana=      0.8220 ff_num=      0.8220
  link(1, 24): gf_ana=     -0.6182 gf_num=     -0.6182 | ff_ana=      0.5340 ff_num=      0.5340
  link(0, 44): gf_ana=     -0.0427 gf_num=     -0.0427 | ff_ana=     -1.1651 ff_num=     -1.1651
  link(1, 51): gf_ana=     -1.3392 gf_num=     -1.3392 | ff_ana=      2.4793 ff_num=      2.4793
  link(0,  7): gf_ana=      0.6552 gf_num=      0.6552 | ff_ana=      2.5884 ff_num=      2.5884
  link(1, 14): gf_ana=      0.9561 gf_num=      0.9561 | ff_ana=     -7.6608 ff_num=     -7.6608
  link(0, 34): gf_ana=     -0.7241 gf_num=     -0.7241 | ff_ana=     -3.0953 ff_num=     -3.0953
[...]
"force_tc_eo" time elapsed: 00:00:00
----------------------------------------------------------

25/29 Testing: hmc_tm
25/29 Test: hmc_tm
Command: "/Users/deanhowarth/HMC_EVOL/git_repo/build/schwinger" "--hmc" "--mu-t" "0.1" "-L" "16" "--hmc-beta" "2.0" "--hmc-traj" "10" "--hmc-therm" "10" "-t" "1"
Directory: /Users/deanhowarth/HMC_EVOL/git_repo/build
"hmc_tm" start time: Mar 28 15:00 PDT
Output:
----------------------------------------------------------
================================================================
  2D Schwinger Model: MG with EigCG-Inspired Ritz Harvesting
================================================================

Lattice: 16x16  DOF: 512  mass: 0.05  r: 1
Block: 4x4  Null vectors/block: 4
MG levels: 1  cycle: V
Krylov: 30  maxiter: 300  tol: 1.0e-10
OpenMP threads: 1
Gauge perturbation per step: epsilon = 0.1200  steps: 30  seed: 42
Initial <plaq> = 0.9117

=== HMC Mode ===
beta=2.0000  tau=1.0000  steps=20  dt=0.0500
trajectories=10  therm=10  save_every=10
Monomials: KE=kinetic  SG=gauge  SF=fermion  dH=total

 Traj    Plaq      dKE      dSG      dSF        dH   A   Rate    CG    Time
-------------------------------------------------------------
    0  0.6888   33.369  114.088 -147.359    0.0988   Y     0%  3345    0.06 [therm]
    1  0.6241   89.994   33.124 -123.727   -0.6094   Y     0%  3236    0.06 [therm]
    2  0.6630   90.614  -19.884  -71.092   -0.3629   Y     0%  3140    0.05 [therm]
    3  0.6055   67.362   29.407  -97.091   -0.3215   Y     0%  3194    0.05 [therm]
    4  0.6368   88.158  -16.015  -72.514   -0.3707   Y     0%  3060    0.05 [therm]
    5  0.5993   70.745   19.204  -90.276   -0.3268   Y     0%  3114    0.05 [therm]
    6  0.5801   89.615    9.827  -99.824   -0.3814   Y     0%  3068    0.05 [therm]
    7  0.5995  105.205   -9.942  -95.604   -0.3405   Y     0%  3012    0.05 [therm]
    8  0.5826   72.573    8.646  -81.488   -0.2698   Y     0%  3080    0.05 [therm]
    9  0.6052   97.378  -11.538  -86.468   -0.6289   Y     0%  3123    0.05 [therm]
   10  0.6477  113.070  -21.768  -91.856   -0.5545   Y   100%  3149    0.05
  -> saved gauge_L16_b200_m500_0.bin
   11  0.6569   59.405   -4.715  -54.832   -0.1422   Y   100%  3187    0.05
   12  0.6743   84.347   -8.926  -75.888   -0.4677   Y   100%  3317    0.06
   13  0.6169  102.542   29.389 -132.339   -0.4083   Y   100%  3219    0.06
   14  0.6238  100.403   -3.533  -97.369   -0.4998   Y   100%  3041    0.05
   15  0.6225   87.552    0.683  -88.644   -0.4087   Y   100%  3209    0.06
   16  0.6130   56.829    4.846  -62.016   -0.3400   Y   100%  3038    0.05
   17  0.5024   80.214   56.641 -137.145   -0.2896   Y   100%  2937    0.05
   18  0.5573   85.469  -28.117  -57.313    0.0391   Y   100%  2944    0.05
   19  0.5883   90.924  -15.858  -75.643   -0.5768   Y   100%  3013    0.05

=== HMC Summary ===
Final <plaq> = 0.588297
Acceptance rate (post-therm): 100.0%
Configs saved: 1
<end of output>
Test time =   1.08 sec
----------------------------------------------------------
Test Passed.
"hmc_tm" end time: Mar 28 15:00 PDT
"hmc_tm" time elapsed: 00:00:01
----------------------------------------------------------

26/29 Testing: hmc_tm_eo
26/29 Test: hmc_tm_eo
Command: "/Users/deanhowarth/HMC_EVOL/git_repo/build/schwinger" "--hmc" "--mu-t" "0.1" "--even-odd" "-L" "16" "--hmc-beta" "2.0" "--hmc-traj" "10" "--hmc-therm" "10" "-t" "1"
Directory: /Users/deanhowarth/HMC_EVOL/git_repo/build
"hmc_tm_eo" start time: Mar 28 15:00 PDT
Output:
----------------------------------------------------------
================================================================
  2D Schwinger Model: MG with EigCG-Inspired Ritz Harvesting
================================================================

Lattice: 16x16  DOF: 512  mass: 0.05  r: 1
Block: 4x4  Null vectors/block: 4
MG levels: 1  cycle: V
Krylov: 30  maxiter: 300  tol: 1.0e-10
OpenMP threads: 1
Gauge perturbation per step: epsilon = 0.1200  steps: 30  seed: 42
Initial <plaq> = 0.9117

=== HMC Mode ===
beta=2.0000  tau=1.0000  steps=20  dt=0.0500
trajectories=10  therm=10  save_every=10
Monomials: KE=kinetic  SG=gauge  SF=fermion  dH=total

 Traj    Plaq      dKE      dSG      dSF        dH   A   Rate    CG    Time
-------------------------------------------------------------
    0  0.9117  -26.418  101.998  -74.891    0.6897   N     0%  1402    0.03 [therm]
    1  0.7440  -31.284   85.829  -54.512    0.0325   Y     0%  1374    0.03 [therm]
    2  0.7067   16.256   19.131  -35.520   -0.1336   Y     0%  1402    0.03 [therm]
    3  0.6651   18.693   21.252  -39.965   -0.0198   Y     0%  1399    0.03 [therm]
    4  0.6116   16.823   27.429  -44.247    0.0048   Y     0%  1338    0.03 [therm]
    5  0.6466   43.450  -17.910  -25.650   -0.1109   Y     0%  1331    0.03 [therm]
    6  0.6066   30.768   20.470  -51.286   -0.0473   Y     0%  1366    0.03 [therm]
    7  0.5961   37.138    5.346  -42.557   -0.0733   Y     0%  1339    0.03 [therm]
    8  0.6578   63.975  -31.568  -32.638   -0.2304   Y     0%  1359    0.03 [therm]
    9  0.6559   26.058    0.960  -27.151   -0.1332   Y     0%  1404    0.03 [therm]
   10  0.5731    2.235   42.379  -44.523    0.0912   Y   100%  1367    0.03
  -> saved gauge_L16_b200_m500_0.bin
   11  0.6482   51.851  -38.437  -13.569   -0.1546   Y   100%  1344    0.03
   12  0.6326   11.224    8.013  -19.384   -0.1470   Y   100%  1371    0.03
   13  0.6528   50.610  -10.336  -40.426   -0.1528   Y   100%  1390    0.03
   14  0.6308   34.618   11.221  -46.043   -0.2045   Y   100%  1404    0.03
   15  0.6272   23.444    1.872  -25.529   -0.2131   Y   100%  1386    0.03
   16  0.5860   26.390   21.066  -47.494   -0.0379   Y   100%  1366    0.03
   17  0.6180   62.221  -16.382  -46.100   -0.2616   Y   100%  1335    0.03
   18  0.6755   46.444  -29.423  -17.110   -0.0899   Y   100%  1372    0.03
   19  0.6025    5.766   37.392  -43.169   -0.0110   Y   100%  1405    0.03

=== HMC Summary ===
Final <plaq> = 0.602471
Acceptance rate (post-therm): 100.0%
Configs saved: 1
<end of output>
Test time =   0.60 sec
----------------------------------------------------------
Test Passed.
"hmc_tm_eo" end time: Mar 28 15:00 PDT
"hmc_tm_eo" time elapsed: 00:00:00
----------------------------------------------------------

27/29 Testing: hmc_tc
27/29 Test: hmc_tc
Command: "/Users/deanhowarth/HMC_EVOL/git_repo/build/schwinger" "--hmc" "--mu-t" "0.1" "--csw" "1.0" "-L" "16" "--hmc-beta" "2.0" "--hmc-traj" "10" "--hmc-therm" "10" "-t" "1"
Directory: /Users/deanhowarth/HMC_EVOL/git_repo/build
"hmc_tc" start time: Mar 28 15:00 PDT
Output:
----------------------------------------------------------
================================================================
  2D Schwinger Model: MG with EigCG-Inspired Ritz Harvesting
================================================================

Lattice: 16x16  DOF: 512  mass: 0.05  r: 1
Block: 4x4  Null vectors/block: 4
MG levels: 1  cycle: V
Krylov: 30  maxiter: 300  tol: 1.0e-10
OpenMP threads: 1
Gauge perturbation per step: epsilon = 0.1200  steps: 30  seed: 42
Initial <plaq> = 0.9117

=== HMC Mode ===
beta=2.0000  tau=1.0000  steps=20  dt=0.0500
trajectories=10  therm=10  save_every=10
Monomials: KE=kinetic  SG=gauge  SF=fermion  dH=total

 Traj    Plaq      dKE      dSG      dSF        dH   A   Rate    CG    Time
-------------------------------------------------------------
    0  0.6748   24.371  121.272 -145.551    0.0915   Y     0%  3622    0.06 [therm]
    1  0.6520   88.217   11.693 -100.873   -0.9623   Y     0%  3918    0.07 [therm]
    2  0.6720   92.864  -10.259  -83.015   -0.4100   Y     0%  3808    0.07 [therm]
    3  0.6703   80.024    0.852  -81.404   -0.5281   Y     0%  3725    0.07 [therm]
    4  0.6500   96.971   10.388 -107.887   -0.5280   Y     0%  3959    0.07 [therm]
    5  0.6178   75.996   16.504  -92.831   -0.3309   Y     0%  3888    0.07 [therm]
    6  0.6072  101.885    5.447 -108.186   -0.8541   Y     0%  4022    0.07 [therm]
    7  0.6508   89.884  -22.317  -67.762   -0.1952   Y     0%  3946    0.07 [therm]
    8  0.6765   92.625  -13.174  -80.065   -0.6129   Y     0%  3839    0.07 [therm]
    9  0.6566   83.992   10.161  -94.641   -0.4881   Y     0%  3924    0.07 [therm]
   10  0.6420   86.063    7.484  -93.910   -0.3623   Y   100%  3721    0.07
  -> saved gauge_L16_b200_m500_0.bin
   11  0.6053   70.103   18.821  -89.395   -0.4711   Y   100%  3688    0.06
   12  0.6723   73.195  -34.345  -39.034   -0.1848   Y   100%  3689    0.06
   13  0.6379   93.725   17.630 -111.790   -0.4354   Y   100%  3957    0.07
   14  0.6515   87.067   -6.964  -80.054    0.0486   Y   100%  3892    0.07
   15  0.6515   31.317   34.462  -65.355    0.4240   N    83%  4065    0.07
   16  0.6203   37.852   15.956  -54.080   -0.2724   Y    86%  4011    0.07
   17  0.5695   91.527   26.031 -118.396   -0.8376   Y    88%  3896    0.07
   18  0.6058  115.045  -18.571  -96.894   -0.4204   Y    89%  3684    0.06
   19  0.6553   90.522  -25.354  -65.490   -0.3217   Y    90%  3974    0.07

=== HMC Summary ===
Final <plaq> = 0.655295
Acceptance rate (post-therm): 90.0%
Configs saved: 1
<end of output>
Test time =   1.35 sec
----------------------------------------------------------
Test Passed.
"hmc_tc" end time: Mar 28 15:00 PDT
"hmc_tc" time elapsed: 00:00:01
----------------------------------------------------------

28/29 Testing: hmc_tc_eo
28/29 Test: hmc_tc_eo
Command: "/Users/deanhowarth/HMC_EVOL/git_repo/build/schwinger" "--hmc" "--mu-t" "0.1" "--csw" "1.0" "--even-odd" "-L" "16" "--hmc-beta" "2.0" "--hmc-traj" "10" "--hmc-therm" "10" "-t" "1"
Directory: /Users/deanhowarth/HMC_EVOL/git_repo/build
"hmc_tc_eo" start time: Mar 28 15:00 PDT
Output:
----------------------------------------------------------
================================================================
  2D Schwinger Model: MG with EigCG-Inspired Ritz Harvesting
================================================================

Lattice: 16x16  DOF: 512  mass: 0.05  r: 1
Block: 4x4  Null vectors/block: 4
MG levels: 1  cycle: V
Krylov: 30  maxiter: 300  tol: 1.0e-10
OpenMP threads: 1
Gauge perturbation per step: epsilon = 0.1200  steps: 30  seed: 42
Initial <plaq> = 0.9117

=== HMC Mode ===
beta=2.0000  tau=1.0000  steps=20  dt=0.0500
trajectories=10  therm=10  save_every=10
Monomials: KE=kinetic  SG=gauge  SF=fermion  LD=log-det  dH=total

 Traj    Plaq      dKE      dSG      dSF      dLD        dH   A   Rate    CG    Time
----------------------------------------------------------------------
    0  0.7353  -17.793   90.304  -72.600    0.746    0.6566   Y     0%  1517    0.03 [therm]
    1  0.6598    9.063   38.621  -48.356    0.319   -0.3527   Y     0%  1743    0.04 [therm]
    2  0.6708   38.359   -5.597  -32.718   -0.215   -0.1710   Y     0%  1720    0.04 [therm]
    3  0.6522   42.090    9.496  -51.436   -0.197   -0.0468   Y     0%  1651    0.04 [therm]
    4  0.6419   33.461    5.268  -38.981    0.137   -0.1140   Y     0%  1632    0.04 [therm]
    5  0.7018   48.988  -30.666  -18.448   -0.117   -0.2438   Y     0%  1655    0.04 [therm]
    6  0.6696   15.082   16.500  -31.770    0.240    0.0520   Y     0%  1704    0.04 [therm]
    7  0.6737   38.634   -2.108  -36.655    0.048   -0.0817   Y     0%  1743    0.04 [therm]
    8  0.6873   52.850   -6.941  -46.067   -0.032   -0.1894   Y     0%  1708    0.04 [therm]
    9  0.6439    6.224   22.225  -28.498    0.042   -0.0068   Y     0%  1667    0.04 [therm]
   10  0.6556   55.502   -6.016  -49.729   -0.043   -0.2866   Y   100%  1663    0.04
  -> saved gauge_L16_b200_m500_0.bin
   11  0.6622   18.038   -3.385  -14.518   -0.052    0.0828   Y   100%  1643    0.04
   12  0.6495   35.807    6.544  -42.770    0.303   -0.1168   Y   100%  1679    0.04
   13  0.6727   47.227  -11.894  -35.161   -0.299   -0.1270   Y   100%  1671    0.04
   14  0.6916   51.497   -9.705  -42.264    0.124   -0.3483   Y   100%  1648    0.04
   15  0.6866   38.464    2.590  -41.074   -0.176   -0.1958   Y   100%  1702    0.04
   16  0.6985   17.391   -6.091  -10.980   -0.249    0.0707   Y   100%  1625    0.04
   17  0.6336    9.531   33.226  -43.351    0.413   -0.1810   Y   100%  1656    0.04
   18  0.6554   51.468  -11.150  -40.281   -0.193   -0.1559   Y   100%  1697    0.04
   19  0.6552   52.682    0.075  -52.681   -0.189   -0.1131   Y   100%  1637    0.04

=== HMC Summary ===
Final <plaq> = 0.655214
Acceptance rate (post-therm): 100.0%
Configs saved: 1
<end of output>
Test time =   0.73 sec
----------------------------------------------------------
Test Passed.
"hmc_tc_eo" end time: Mar 28 15:00 PDT
"hmc_tc_eo" time elapsed: 00:00:00
----------------------------------------------------------

29/29 Testing: sparse_coarse_evolution
29/29 Test: sparse_coarse_evolution
Command: "/Users/deanhowarth/HMC_EVOL/git_repo/build/schwinger" "-L" "32" "--test-sparse-coarse" "--mg-levels" "2" "-b" "4" "-k" "4" "--n-defl" "8" "-n" "5" "-e" "0.02" "-t" "1"
Directory: /Users/deanhowarth/HMC_EVOL/git_repo/build
"sparse_coarse_evolution" start time: Mar 28 15:00 PDT
Output:
----------------------------------------------------------
================================================================
  2D Schwinger Model: MG with EigCG-Inspired Ritz Harvesting
================================================================

Lattice: 32x32  DOF: 2048  mass: 0.05  r: 1
Block: 4x4  Null vectors/block: 4
MG levels: 2  cycle: W  coarse_block: 16  refresh: 3
Krylov: 30  maxiter: 300  tol: 1.0e-10
OpenMP threads: 1
Gauge perturbation per step: epsilon = 0.0200  steps: 5  seed: 42
Initial <plaq> = 0.9025

=== Sparse Coarse Eigenvector Evolution Study ===

L=32  DOF=2048  coarse_dim=256  n_defl=8

--- Loaded thermalised config from gauge_L32_b2.00_t20.bin  <plaq>=0.6193 ---

==========================================================
  Config: b4k4  block=4x4  k_null=4  coarse_dim=256
  Galerkin every 5 steps, RR every step, 5 configs, 5 RHS/step, n_defl=8
==========================================================
  Level 0: dim=2048 -> coarse_dim=256
  Sparse coarse: dim=256 (nbx=8 nby=8 k_vec=4)
  Running TRLM for 8 deflation vectors...
  TRLM eigenvalues: 0.0613 0.0762 0.0879 0.0962 0.0999 0.1129 0.1175 0.1230
  Coarsest-level solve: deflated CG (sparse, 8 deflation vectors)
  Actual coarse dim: 256

 step   Defl_it  NoDfl_it    Saved%   Defl_wall  NoDfl_wall   Speedup   Build_t      RR_t  Gal?
    0       105       109      3.6%      0.0077      0.0080     1.05x    0.0198    0.0002     Y
    1       106       109      3.3%      0.0077      0.0079     1.03x    0.0000    0.0003      
    2       106       108      2.6%      0.0077      0.0079     1.03x    0.0000    0.0003      
    3       105       108      3.3%      0.0076      0.0079     1.03x    0.0000    0.0003      
    4       105       108      3.0%      0.0076      0.0079     1.04x    0.0000    0.0003      

  === b4k4 Summary over 5 steps ===
    Coarse dim:      256
    Deflated CG:     105.6 avg iters/RHS, 0.038s total solve
    Undeflated CG:   109.0 avg iters/RHS, 0.040s total solve
    Iter savings:    3.2%
    CG wall speedup: 1.04x
    Overhead:        0.020s Galerkin (1 rebuilds) + 0.001s RR (5 steps)
    Net wall time:   Defl = 0.059s  vs  NoDfl = 0.040s

==========================================================
  Config: b4k8  block=4x4  k_null=8  coarse_dim=512
  Galerkin every 5 steps, RR every step, 5 configs, 5 RHS/step, n_defl=8
==========================================================
  Level 0: dim=2048 -> coarse_dim=512
  Sparse coarse: dim=512 (nbx=8 nby=8 k_vec=8)
  Running TRLM for 8 deflation vectors...
  TRLM eigenvalues: 0.053 0.066 0.071 0.077 0.080 0.084 0.090 0.097
  Coarsest-level solve: deflated CG (sparse, 8 deflation vectors)
  Actual coarse dim: 512

 step   Defl_it  NoDfl_it    Saved%   Defl_wall  NoDfl_wall   Speedup   Build_t      RR_t  Gal?
    0       144       149      3.7%      0.0338      0.0347     1.03x    0.0542    0.0005     Y
    1       143       148      3.4%      0.0337      0.0346     1.03x    0.0000    0.0005      
    2       143       148      3.4%      0.0338      0.0349     1.03x    0.0000    0.0006      
    3       143       147      2.7%      0.0335      0.0342     1.02x    0.0000    0.0006      
    4       143       146      2.2%      0.0335      0.0340     1.02x    0.0000    0.0005      

  === b4k8 Summary over 5 steps ===
    Coarse dim:      512
    Deflated CG:     143.4 avg iters/RHS, 0.168s total solve
    Undeflated CG:   147.9 avg iters/RHS, 0.172s total solve
    Iter savings:    3.1%
    CG wall speedup: 1.03x
    Overhead:        0.054s Galerkin (1 rebuilds) + 0.003s RR (5 steps)
    Net wall time:   Defl = 0.225s  vs  NoDfl = 0.172s

==========================================================
  Config: b2k4  block=2x2  k_null=4  coarse_dim=1024
  Galerkin every 5 steps, RR every step, 5 configs, 5 RHS/step, n_defl=8
==========================================================
  Level 0: dim=2048 -> coarse_dim=1024
  Sparse coarse: dim=1024 (nbx=16 nby=16 k_vec=4)
  Running TRLM for 8 deflation vectors...
  TRLM eigenvalues: 0.056 0.069 0.076 0.082 0.087 0.092 0.099 0.104
  Coarsest-level solve: deflated CG (sparse, 8 deflation vectors)
  Actual coarse dim: 1024

 step   Defl_it  NoDfl_it    Saved%   Defl_wall  NoDfl_wall   Speedup   Build_t      RR_t  Gal?
    0       160       167      3.9%      0.0459      0.0477     1.04x    0.0792    0.0007     Y
    1       160       166      3.1%      0.0456      0.0469     1.03x    0.0000    0.0007      
    2       161       166      3.0%      0.0454      0.0468     1.03x    0.0000    0.0007      
    3       161       166      3.1%      0.0455      0.0471     1.03x    0.0000    0.0007      
    4       160       165      3.0%      0.0454      0.0464     1.02x    0.0000    0.0007      

  === b2k4 Summary over 5 steps ===
    Coarse dim:      1024
    Deflated CG:     160.8 avg iters/RHS, 0.228s total solve
    Undeflated CG:   166.2 avg iters/RHS, 0.235s total solve
    Iter savings:    3.2%
    CG wall speedup: 1.03x
    Overhead:        0.079s Galerkin (1 rebuilds) + 0.004s RR (5 steps)
    Net wall time:   Defl = 0.311s  vs  NoDfl = 0.235s

==========================================================
  Config: b2k8  block=2x2  k_null=8  coarse_dim=2048
  Galerkin every 5 steps, RR every step, 5 configs, 5 RHS/step, n_defl=8
==========================================================
  Level 0: dim=2048 -> coarse_dim=2048
  Sparse coarse: dim=2048 (nbx=16 nby=16 k_vec=8)
  Running TRLM for 8 deflation vectors...
  TRLM eigenvalues: 0.052 0.065 0.069 0.075 0.076 0.081 0.087 0.093
  Coarsest-level solve: deflated CG (sparse, 8 deflation vectors)
  Actual coarse dim: 2048

 step   Defl_it  NoDfl_it    Saved%   Defl_wall  NoDfl_wall   Speedup   Build_t      RR_t  Gal?
    0       209       215      3.2%      0.1942      0.2010     1.04x    0.2113    0.0020     Y
    1       210       217      3.0%      0.2003      0.2096     1.05x    0.0000    0.0020      
    2       211       217      2.7%      0.2068      0.2104     1.02x    0.0000    0.0021      
    3       211       216      2.1%      0.1973      0.2049     1.04x    0.0000    0.0020      
    4       211       216      2.4%      0.2023      0.2083     1.03x    0.0000    0.0020      

  === b2k8 Summary over 5 steps ===
    Coarse dim:      2048
    Deflated CG:     210.8 avg iters/RHS, 1.001s total solve
    Undeflated CG:   216.6 avg iters/RHS, 1.034s total solve
    Iter savings:    2.7%
    CG wall speedup: 1.03x
    Overhead:        0.211s Galerkin (1 rebuilds) + 0.010s RR (5 steps)
    Net wall time:   Defl = 1.222s  vs  NoDfl = 1.034s
<end of output>
Test time =   7.99 sec
----------------------------------------------------------
Test Passed.
"sparse_coarse_evolution" end time: Mar 28 15:01 PDT
"sparse_coarse_evolution" time elapsed: 00:00:07
----------------------------------------------------------

End testing: Mar 28 15:01 PDT
